c:\users\osm\desktop\76th_srteamb\trunk\srteam_project\engine\utility\default\release\vc140.pdb
c:\users\osm\desktop\76th_srteamb\trunk\srteam_project\engine\utility\default\release\transform.obj
c:\users\osm\desktop\76th_srteamb\trunk\srteam_project\engine\utility\default\release\texture.obj
c:\users\osm\desktop\76th_srteamb\trunk\srteam_project\engine\utility\default\release\terrain_buffer.obj
c:\users\osm\desktop\76th_srteamb\trunk\srteam_project\engine\utility\default\release\sky_cube_texture.obj
c:\users\osm\desktop\76th_srteamb\trunk\srteam_project\engine\utility\default\release\scene_tool.obj
c:\users\osm\desktop\76th_srteamb\trunk\srteam_project\engine\utility\default\release\resources.obj
c:\users\osm\desktop\76th_srteamb\trunk\srteam_project\engine\utility\default\release\renderer.obj
c:\users\osm\desktop\76th_srteamb\trunk\srteam_project\engine\utility\default\release\rect_texture.obj
c:\users\osm\desktop\76th_srteamb\trunk\srteam_project\engine\utility\default\release\rect_cube.obj
c:\users\osm\desktop\76th_srteamb\trunk\srteam_project\engine\utility\default\release\rect_color.obj
c:\users\osm\desktop\76th_srteamb\trunk\srteam_project\engine\utility\default\release\rectui_texture.obj
c:\users\osm\desktop\76th_srteamb\trunk\srteam_project\engine\utility\default\release\picking.obj
c:\users\osm\desktop\76th_srteamb\trunk\srteam_project\engine\utility\default\release\object_manager.obj
c:\users\osm\desktop\76th_srteamb\trunk\srteam_project\engine\utility\default\release\material.obj
c:\users\osm\desktop\76th_srteamb\trunk\srteam_project\engine\utility\default\release\management.obj
c:\users\osm\desktop\76th_srteamb\trunk\srteam_project\engine\utility\default\release\layer.obj
c:\users\osm\desktop\76th_srteamb\trunk\srteam_project\engine\utility\default\release\gameobject.obj
c:\users\osm\desktop\76th_srteamb\trunk\srteam_project\engine\utility\default\release\component_manager.obj
c:\users\osm\desktop\76th_srteamb\trunk\srteam_project\engine\utility\default\release\component.obj
c:\users\osm\desktop\76th_srteamb\trunk\srteam_project\engine\utility\default\release\camera.obj
c:\users\osm\desktop\76th_srteamb\trunk\srteam_project\engine\utility\default\release\vibuffer.obj
c:\users\osm\desktop\76th_srteamb\trunk\srteam_project\engine\utility\default\release\triangle_color.obj
c:\users\osm\desktop\76th_srteamb\trunk\srteam_project\engine\utility\bin\utility.dll
c:\users\osm\desktop\76th_srteamb\trunk\srteam_project\engine\utility\bin\utility.ipdb
c:\users\osm\desktop\76th_srteamb\trunk\srteam_project\engine\utility\bin\utility.iobj
c:\users\osm\desktop\76th_srteamb\trunk\srteam_project\engine\utility\bin\utility.pdb
c:\users\osm\desktop\76th_srteamb\trunk\srteam_project\engine\utility\bin\utility.lib
c:\users\osm\desktop\76th_srteamb\trunk\srteam_project\engine\utility\bin\utility.exp
c:\users\osm\desktop\76th_srteamb\trunk\srteam_project\engine\utility\default\..\bin\utility.dll
c:\users\osm\desktop\76th_srteamb\trunk\srteam_project\engine\utility\default\release\utility.tlog\cl.command.1.tlog
c:\users\osm\desktop\76th_srteamb\trunk\srteam_project\engine\utility\default\release\utility.tlog\cl.read.1.tlog
c:\users\osm\desktop\76th_srteamb\trunk\srteam_project\engine\utility\default\release\utility.tlog\cl.write.1.tlog
c:\users\osm\desktop\76th_srteamb\trunk\srteam_project\engine\utility\default\release\utility.tlog\link.command.1.tlog
c:\users\osm\desktop\76th_srteamb\trunk\srteam_project\engine\utility\default\release\utility.tlog\link.read.1.tlog
c:\users\osm\desktop\76th_srteamb\trunk\srteam_project\engine\utility\default\release\utility.tlog\link.write.1.tlog
c:\users\osm\desktop\76th_srteamb\trunk\srteam_project\engine\utility\default\release\utility.tlog\utility.write.1u.tlog
