c:\users\osm\desktop\76th_srteamb\trunk\srteam_project\engine\system\default\release\vc140.pdb
c:\users\osm\desktop\76th_srteamb\trunk\srteam_project\engine\system\default\release\timer_manager.obj
c:\users\osm\desktop\76th_srteamb\trunk\srteam_project\engine\system\default\release\timer.obj
c:\users\osm\desktop\76th_srteamb\trunk\srteam_project\engine\system\default\release\input_device.obj
c:\users\osm\desktop\76th_srteamb\trunk\srteam_project\engine\system\default\release\graphic_device.obj
c:\users\osm\desktop\76th_srteamb\trunk\srteam_project\engine\system\default\release\frame_manager.obj
c:\users\osm\desktop\76th_srteamb\trunk\srteam_project\engine\system\default\release\frame.obj
c:\users\osm\desktop\76th_srteamb\trunk\srteam_project\engine\system\bin\system.dll
c:\users\osm\desktop\76th_srteamb\trunk\srteam_project\engine\system\bin\system.ipdb
c:\users\osm\desktop\76th_srteamb\trunk\srteam_project\engine\system\bin\system.iobj
c:\users\osm\desktop\76th_srteamb\trunk\srteam_project\engine\system\bin\system.pdb
c:\users\osm\desktop\76th_srteamb\trunk\srteam_project\engine\system\bin\system.lib
c:\users\osm\desktop\76th_srteamb\trunk\srteam_project\engine\system\bin\system.exp
c:\users\osm\desktop\76th_srteamb\trunk\srteam_project\engine\system\default\..\bin\system.dll
c:\users\osm\desktop\76th_srteamb\trunk\srteam_project\engine\system\default\release\system.tlog\cl.command.1.tlog
c:\users\osm\desktop\76th_srteamb\trunk\srteam_project\engine\system\default\release\system.tlog\cl.read.1.tlog
c:\users\osm\desktop\76th_srteamb\trunk\srteam_project\engine\system\default\release\system.tlog\cl.write.1.tlog
c:\users\osm\desktop\76th_srteamb\trunk\srteam_project\engine\system\default\release\system.tlog\link.command.1.tlog
c:\users\osm\desktop\76th_srteamb\trunk\srteam_project\engine\system\default\release\system.tlog\link.read.1.tlog
c:\users\osm\desktop\76th_srteamb\trunk\srteam_project\engine\system\default\release\system.tlog\link.write.1.tlog
c:\users\osm\desktop\76th_srteamb\trunk\srteam_project\engine\system\default\release\system.tlog\system.write.1u.tlog
