c:\users\ksb\desktop\76th_srteamb\trunk\srteam_project\maptool_sr\default\debug\srteam_project_maptool.pch
c:\users\ksb\desktop\76th_srteamb\trunk\srteam_project\maptool_sr\default\debug\vc140.pdb
c:\users\ksb\desktop\76th_srteamb\trunk\srteam_project\maptool_sr\default\debug\vc140.idb
c:\users\ksb\desktop\76th_srteamb\trunk\srteam_project\maptool_sr\default\debug\stdafx.obj
c:\users\ksb\desktop\76th_srteamb\trunk\srteam_project\maptool_sr\default\debug\back_item.obj
c:\users\ksb\desktop\76th_srteamb\trunk\srteam_project\maptool_sr\default\debug\back_logo.obj
c:\users\ksb\desktop\76th_srteamb\trunk\srteam_project\maptool_sr\default\debug\back_object.obj
c:\users\ksb\desktop\76th_srteamb\trunk\srteam_project\maptool_sr\default\debug\camera_dynamic.obj
c:\users\ksb\desktop\76th_srteamb\trunk\srteam_project\maptool_sr\default\debug\cube.obj
c:\users\ksb\desktop\76th_srteamb\trunk\srteam_project\maptool_sr\default\debug\keymgr.obj
c:\users\ksb\desktop\76th_srteamb\trunk\srteam_project\maptool_sr\default\debug\monster.obj
c:\users\ksb\desktop\76th_srteamb\trunk\srteam_project\maptool_sr\default\debug\scene_logo.obj
c:\users\ksb\desktop\76th_srteamb\trunk\srteam_project\maptool_sr\default\debug\terrain.obj
c:\users\ksb\desktop\76th_srteamb\trunk\srteam_project\maptool_sr\default\debug\cube_tool.obj
c:\users\ksb\desktop\76th_srteamb\trunk\srteam_project\maptool_sr\default\debug\item_tool.obj
c:\users\ksb\desktop\76th_srteamb\trunk\srteam_project\maptool_sr\default\debug\mainform.obj
c:\users\ksb\desktop\76th_srteamb\trunk\srteam_project\maptool_sr\default\debug\mainfrm.obj
c:\users\ksb\desktop\76th_srteamb\trunk\srteam_project\maptool_sr\default\debug\monster_tool.obj
c:\users\ksb\desktop\76th_srteamb\trunk\srteam_project\maptool_sr\default\debug\object_tool.obj
c:\users\ksb\desktop\76th_srteamb\trunk\srteam_project\maptool_sr\default\debug\srteam_project_maptool.obj
c:\users\ksb\desktop\76th_srteamb\trunk\srteam_project\maptool_sr\default\debug\srteam_project_maptooldoc.obj
c:\users\ksb\desktop\76th_srteamb\trunk\srteam_project\maptool_sr\default\debug\srteam_project_maptoolview.obj
c:\users\ksb\desktop\76th_srteamb\trunk\srteam_project\maptool_sr\default\debug\test.obj
<<<<<<< .mine
c:\users\dilki\desktop\sr_team\trunk\srteam_project\maptool_sr\bin\srteam_project_maptool.ilk
c:\users\dilki\desktop\sr_team\trunk\srteam_project\maptool_sr\bin\srteam_project_maptool.exe
c:\users\dilki\desktop\sr_team\trunk\srteam_project\maptool_sr\bin\srteam_project_maptool.pdb
c:\users\ksb\desktop\76th_srteamb\trunk\srteam_project\maptool_sr\default\debug\srteam_project_maptool.res
c:\users\ksb\desktop\76th_srteamb\trunk\srteam_project\maptool_sr\bin\srteam_project_maptool.lib
c:\users\ksb\desktop\76th_srteamb\trunk\srteam_project\maptool_sr\bin\srteam_project_maptool.exp
c:\users\osm\desktop\76th_srteamb\trunk\srteam_project\maptool_sr\default\debug\srteam_project_maptool.vcxprojresolveassemblyreference.cache
c:\users\osm\desktop\76th_srteamb\trunk\srteam_project\maptool_sr\default\debug\back_item.obj
c:\users\osm\desktop\76th_srteamb\trunk\srteam_project\maptool_sr\default\debug\back_logo.obj
c:\users\osm\desktop\76th_srteamb\trunk\srteam_project\maptool_sr\default\debug\back_object.obj
c:\users\osm\desktop\76th_srteamb\trunk\srteam_project\maptool_sr\default\debug\camera_dynamic.obj
c:\users\osm\desktop\76th_srteamb\trunk\srteam_project\maptool_sr\default\debug\cube.obj
c:\users\osm\desktop\76th_srteamb\trunk\srteam_project\maptool_sr\default\debug\cube_tool.obj
c:\users\osm\desktop\76th_srteamb\trunk\srteam_project\maptool_sr\default\debug\item_tool.obj
c:\users\osm\desktop\76th_srteamb\trunk\srteam_project\maptool_sr\default\debug\keymgr.obj
c:\users\osm\desktop\76th_srteamb\trunk\srteam_project\maptool_sr\default\debug\mainform.obj
c:\users\osm\desktop\76th_srteamb\trunk\srteam_project\maptool_sr\default\debug\mainfrm.obj
c:\users\osm\desktop\76th_srteamb\trunk\srteam_project\maptool_sr\default\debug\monster.obj
c:\users\osm\desktop\76th_srteamb\trunk\srteam_project\maptool_sr\default\debug\monster_tool.obj
c:\users\osm\desktop\76th_srteamb\trunk\srteam_project\maptool_sr\default\debug\object_tool.obj
c:\users\osm\desktop\76th_srteamb\trunk\srteam_project\maptool_sr\default\debug\scene_logo.obj
c:\users\osm\desktop\76th_srteamb\trunk\srteam_project\maptool_sr\default\debug\srteam_project_maptool.obj
c:\users\osm\desktop\76th_srteamb\trunk\srteam_project\maptool_sr\default\debug\srteam_project_maptooldoc.obj
c:\users\osm\desktop\76th_srteamb\trunk\srteam_project\maptool_sr\default\debug\srteam_project_maptoolview.obj
c:\users\osm\desktop\76th_srteamb\trunk\srteam_project\maptool_sr\default\debug\stdafx.obj
c:\users\osm\desktop\76th_srteamb\trunk\srteam_project\maptool_sr\default\debug\terrain.obj
c:\users\osm\desktop\76th_srteamb\trunk\srteam_project\maptool_sr\default\debug\test.obj
c:\users\osm\desktop\76th_srteamb\trunk\srteam_project\maptool_sr\default\debug\srteam_project_maptool.res
c:\users\osm\desktop\76th_srteamb\trunk\srteam_project\maptool_sr\default\debug\srteam_project_maptool.pch
c:\users\osm\desktop\76th_srteamb\trunk\srteam_project\maptool_sr\default\debug\vc140.idb
c:\users\osm\desktop\76th_srteamb\trunk\srteam_project\maptool_sr\default\debug\vc140.pdb
c:\users\osm\desktop\76th_srteamb\trunk\srteam_project\maptool_sr\default\../bin/srteam_project_maptool.exe
c:\users\osm\desktop\76th_srteamb\trunk\srteam_project\maptool_sr\default\debug\srteam_p.20180562.tlog\cl.command.1.tlog
c:\users\osm\desktop\76th_srteamb\trunk\srteam_project\maptool_sr\default\debug\srteam_p.20180562.tlog\cl.read.1.tlog
c:\users\osm\desktop\76th_srteamb\trunk\srteam_project\maptool_sr\default\debug\srteam_p.20180562.tlog\cl.write.1.tlog
c:\users\osm\desktop\76th_srteamb\trunk\srteam_project\maptool_sr\default\debug\srteam_p.20180562.tlog\link.command.1.tlog
c:\users\osm\desktop\76th_srteamb\trunk\srteam_project\maptool_sr\default\debug\srteam_p.20180562.tlog\link.delete.1.tlog
c:\users\osm\desktop\76th_srteamb\trunk\srteam_project\maptool_sr\default\debug\srteam_p.20180562.tlog\link.read.1.tlog
c:\users\osm\desktop\76th_srteamb\trunk\srteam_project\maptool_sr\default\debug\srteam_p.20180562.tlog\link.write.1.tlog
c:\users\osm\desktop\76th_srteamb\trunk\srteam_project\maptool_sr\default\debug\srteam_p.20180562.tlog\rc.command.1.tlog
c:\users\osm\desktop\76th_srteamb\trunk\srteam_project\maptool_sr\default\debug\srteam_p.20180562.tlog\rc.read.1.tlog
c:\users\osm\desktop\76th_srteamb\trunk\srteam_project\maptool_sr\default\debug\srteam_p.20180562.tlog\rc.write.1.tlog
c:\users\osm\desktop\76th_srteamb\trunk\srteam_project\maptool_sr\default\debug\srteam_p.20180562.tlog\srteam_project_maptool.write.1u.tlog
||||||| .r170
c:\users\ksb\desktop\76th_srteamb\trunk\srteam_project\maptool_sr\bin\srteam_project_maptool.ilk
c:\users\ksb\desktop\76th_srteamb\trunk\srteam_project\maptool_sr\bin\srteam_project_maptool.exe
c:\users\ksb\desktop\76th_srteamb\trunk\srteam_project\maptool_sr\bin\lnk{a1c07366-a0a7-4b55-8715-480a53fa2035}.tmp
c:\users\ksb\desktop\76th_srteamb\trunk\srteam_project\maptool_sr\bin\srteam_project_maptool.pdb
c:\users\ksb\desktop\76th_srteamb\trunk\srteam_project\maptool_sr\default\debug\srteam_project_maptool.res
c:\users\ksb\desktop\76th_srteamb\trunk\srteam_project\maptool_sr\bin\srteam_project_maptool.lib
c:\users\ksb\desktop\76th_srteamb\trunk\srteam_project\maptool_sr\bin\srteam_project_maptool.exp
c:\users\dilki\desktop\sr_team\trunk\srteam_project\maptool_sr\default\debug\srteam_project_maptool.vcxprojresolveassemblyreference.cache
=======
<<<<<<< .mine
c:\users\ksb\desktop\76th_srteamb\trunk\srteam_project\maptool_sr\default\debug\srteam_project_maptool.pch
c:\users\ksb\desktop\76th_srteamb\trunk\srteam_project\maptool_sr\default\debug\vc140.pdb
c:\users\ksb\desktop\76th_srteamb\trunk\srteam_project\maptool_sr\default\debug\vc140.idb
c:\users\ksb\desktop\76th_srteamb\trunk\srteam_project\maptool_sr\default\debug\stdafx.obj
c:\users\ksb\desktop\76th_srteamb\trunk\srteam_project\maptool_sr\default\debug\back_item.obj
c:\users\ksb\desktop\76th_srteamb\trunk\srteam_project\maptool_sr\default\debug\back_logo.obj
c:\users\ksb\desktop\76th_srteamb\trunk\srteam_project\maptool_sr\default\debug\back_object.obj
c:\users\ksb\desktop\76th_srteamb\trunk\srteam_project\maptool_sr\default\debug\camera_dynamic.obj
c:\users\ksb\desktop\76th_srteamb\trunk\srteam_project\maptool_sr\default\debug\cube.obj
c:\users\ksb\desktop\76th_srteamb\trunk\srteam_project\maptool_sr\default\debug\keymgr.obj
c:\users\ksb\desktop\76th_srteamb\trunk\srteam_project\maptool_sr\default\debug\monster.obj
c:\users\ksb\desktop\76th_srteamb\trunk\srteam_project\maptool_sr\default\debug\scene_logo.obj
c:\users\ksb\desktop\76th_srteamb\trunk\srteam_project\maptool_sr\default\debug\terrain.obj
c:\users\ksb\desktop\76th_srteamb\trunk\srteam_project\maptool_sr\default\debug\cube_tool.obj
c:\users\ksb\desktop\76th_srteamb\trunk\srteam_project\maptool_sr\default\debug\item_tool.obj
c:\users\ksb\desktop\76th_srteamb\trunk\srteam_project\maptool_sr\default\debug\mainform.obj
c:\users\ksb\desktop\76th_srteamb\trunk\srteam_project\maptool_sr\default\debug\mainfrm.obj
c:\users\ksb\desktop\76th_srteamb\trunk\srteam_project\maptool_sr\default\debug\monster_tool.obj
c:\users\ksb\desktop\76th_srteamb\trunk\srteam_project\maptool_sr\default\debug\object_tool.obj
c:\users\ksb\desktop\76th_srteamb\trunk\srteam_project\maptool_sr\default\debug\srteam_project_maptool.obj
c:\users\ksb\desktop\76th_srteamb\trunk\srteam_project\maptool_sr\default\debug\srteam_project_maptooldoc.obj
c:\users\ksb\desktop\76th_srteamb\trunk\srteam_project\maptool_sr\default\debug\srteam_project_maptoolview.obj
c:\users\ksb\desktop\76th_srteamb\trunk\srteam_project\maptool_sr\default\debug\test.obj
c:\users\ksb\desktop\76th_srteamb\trunk\srteam_project\maptool_sr\bin\srteam_project_maptool.ilk
c:\users\ksb\desktop\76th_srteamb\trunk\srteam_project\maptool_sr\bin\srteam_project_maptool.exe
c:\users\ksb\desktop\76th_srteamb\trunk\srteam_project\maptool_sr\bin\srteam_project_maptool.pdb
c:\users\osm\desktop\76th_srteamb\trunk\srteam_project\maptool_sr\default\debug\srteam_project_maptool.res
c:\users\ksb\desktop\76th_srteamb\trunk\srteam_project\maptool_sr\bin\srteam_project_maptool.lib
c:\users\ksb\desktop\76th_srteamb\trunk\srteam_project\maptool_sr\bin\srteam_project_maptool.exp
c:\users\ksb\desktop\76th_srteamb\trunk\srteam_project\maptool_sr\default\debug\srteam_project_maptool.vcxprojresolveassemblyreference.cache
c:\users\ksb\desktop\76th_srteamb\trunk\srteam_project\maptool_sr\default\debug\srteam_project_maptool.res
c:\users\ksb\desktop\76th_srteamb\trunk\srteam_project\maptool_sr\default\../bin/srteam_project_maptool.exe
c:\users\ksb\desktop\76th_srteamb\trunk\srteam_project\maptool_sr\default\debug\srteam_p.20180562.tlog\cl.command.1.tlog
c:\users\ksb\desktop\76th_srteamb\trunk\srteam_project\maptool_sr\default\debug\srteam_p.20180562.tlog\cl.read.1.tlog
c:\users\ksb\desktop\76th_srteamb\trunk\srteam_project\maptool_sr\default\debug\srteam_p.20180562.tlog\cl.write.1.tlog
c:\users\ksb\desktop\76th_srteamb\trunk\srteam_project\maptool_sr\default\debug\srteam_p.20180562.tlog\link.command.1.tlog
c:\users\ksb\desktop\76th_srteamb\trunk\srteam_project\maptool_sr\default\debug\srteam_p.20180562.tlog\link.delete.1.tlog
c:\users\ksb\desktop\76th_srteamb\trunk\srteam_project\maptool_sr\default\debug\srteam_p.20180562.tlog\link.read.1.tlog
c:\users\ksb\desktop\76th_srteamb\trunk\srteam_project\maptool_sr\default\debug\srteam_p.20180562.tlog\link.write.1.tlog
c:\users\ksb\desktop\76th_srteamb\trunk\srteam_project\maptool_sr\default\debug\srteam_p.20180562.tlog\rc.command.1.tlog
c:\users\ksb\desktop\76th_srteamb\trunk\srteam_project\maptool_sr\default\debug\srteam_p.20180562.tlog\rc.read.1.tlog
c:\users\ksb\desktop\76th_srteamb\trunk\srteam_project\maptool_sr\default\debug\srteam_p.20180562.tlog\rc.write.1.tlog
c:\users\ksb\desktop\76th_srteamb\trunk\srteam_project\maptool_sr\default\debug\srteam_p.20180562.tlog\srteam_project_maptool.write.1u.tlog
||||||| .r159
c:\users\dilki\desktop\sr_team\trunk\srteam_project\maptool_sr\default\debug\srteam_project_maptool.pch
c:\users\dilki\desktop\sr_team\trunk\srteam_project\maptool_sr\default\debug\vc140.pdb
c:\users\dilki\desktop\sr_team\trunk\srteam_project\maptool_sr\default\debug\vc140.idb
c:\users\dilki\desktop\sr_team\trunk\srteam_project\maptool_sr\default\debug\stdafx.obj
c:\users\dilki\desktop\sr_team\trunk\srteam_project\maptool_sr\default\debug\back_item.obj
c:\users\dilki\desktop\sr_team\trunk\srteam_project\maptool_sr\default\debug\back_logo.obj
c:\users\dilki\desktop\sr_team\trunk\srteam_project\maptool_sr\default\debug\back_object.obj
c:\users\dilki\desktop\sr_team\trunk\srteam_project\maptool_sr\default\debug\camera_dynamic.obj
c:\users\dilki\desktop\sr_team\trunk\srteam_project\maptool_sr\default\debug\cube.obj
c:\users\dilki\desktop\sr_team\trunk\srteam_project\maptool_sr\default\debug\keymgr.obj
c:\users\dilki\desktop\sr_team\trunk\srteam_project\maptool_sr\default\debug\monster.obj
c:\users\dilki\desktop\sr_team\trunk\srteam_project\maptool_sr\default\debug\scene_logo.obj
c:\users\dilki\desktop\sr_team\trunk\srteam_project\maptool_sr\default\debug\terrain.obj
c:\users\dilki\desktop\sr_team\trunk\srteam_project\maptool_sr\default\debug\cube_tool.obj
c:\users\dilki\desktop\sr_team\trunk\srteam_project\maptool_sr\default\debug\item_tool.obj
c:\users\dilki\desktop\sr_team\trunk\srteam_project\maptool_sr\default\debug\mainform.obj
c:\users\dilki\desktop\sr_team\trunk\srteam_project\maptool_sr\default\debug\mainfrm.obj
c:\users\dilki\desktop\sr_team\trunk\srteam_project\maptool_sr\default\debug\monster_tool.obj
c:\users\dilki\desktop\sr_team\trunk\srteam_project\maptool_sr\default\debug\object_tool.obj
c:\users\dilki\desktop\sr_team\trunk\srteam_project\maptool_sr\default\debug\srteam_project_maptool.obj
c:\users\dilki\desktop\sr_team\trunk\srteam_project\maptool_sr\default\debug\srteam_project_maptooldoc.obj
c:\users\dilki\desktop\sr_team\trunk\srteam_project\maptool_sr\default\debug\srteam_project_maptoolview.obj
c:\users\dilki\desktop\sr_team\trunk\srteam_project\maptool_sr\default\debug\test.obj
c:\users\dilki\desktop\sr_team\trunk\srteam_project\maptool_sr\bin\srteam_project_maptool.ilk
c:\users\dilki\desktop\sr_team\trunk\srteam_project\maptool_sr\bin\srteam_project_maptool.exe
c:\users\dilki\desktop\sr_team\trunk\srteam_project\maptool_sr\bin\srteam_project_maptool.pdb
c:\users\dilki\desktop\sr_team\trunk\srteam_project\maptool_sr\default\debug\srteam_project_maptool.res
c:\users\dilki\desktop\sr_team\trunk\srteam_project\maptool_sr\bin\srteam_project_maptool.lib
c:\users\dilki\desktop\sr_team\trunk\srteam_project\maptool_sr\bin\srteam_project_maptool.exp
c:\users\ksb\desktop\76th_srteamb\trunk\srteam_project\maptool_sr\default\debug\srteam_project_maptool.vcxprojresolveassemblyreference.cache
c:\users\ksb\desktop\76th_srteamb\trunk\srteam_project\maptool_sr\default\debug\back_item.obj
c:\users\ksb\desktop\76th_srteamb\trunk\srteam_project\maptool_sr\default\debug\back_logo.obj
c:\users\ksb\desktop\76th_srteamb\trunk\srteam_project\maptool_sr\default\debug\back_object.obj
c:\users\ksb\desktop\76th_srteamb\trunk\srteam_project\maptool_sr\default\debug\camera_dynamic.obj
c:\users\ksb\desktop\76th_srteamb\trunk\srteam_project\maptool_sr\default\debug\cube.obj
c:\users\ksb\desktop\76th_srteamb\trunk\srteam_project\maptool_sr\default\debug\cube_tool.obj
c:\users\ksb\desktop\76th_srteamb\trunk\srteam_project\maptool_sr\default\debug\item_tool.obj
c:\users\ksb\desktop\76th_srteamb\trunk\srteam_project\maptool_sr\default\debug\keymgr.obj
c:\users\ksb\desktop\76th_srteamb\trunk\srteam_project\maptool_sr\default\debug\mainform.obj
c:\users\ksb\desktop\76th_srteamb\trunk\srteam_project\maptool_sr\default\debug\mainfrm.obj
c:\users\ksb\desktop\76th_srteamb\trunk\srteam_project\maptool_sr\default\debug\monster.obj
c:\users\ksb\desktop\76th_srteamb\trunk\srteam_project\maptool_sr\default\debug\monster_tool.obj
c:\users\ksb\desktop\76th_srteamb\trunk\srteam_project\maptool_sr\default\debug\object_tool.obj
c:\users\ksb\desktop\76th_srteamb\trunk\srteam_project\maptool_sr\default\debug\scene_logo.obj
c:\users\ksb\desktop\76th_srteamb\trunk\srteam_project\maptool_sr\default\debug\srteam_project_maptool.obj
c:\users\ksb\desktop\76th_srteamb\trunk\srteam_project\maptool_sr\default\debug\srteam_project_maptooldoc.obj
c:\users\ksb\desktop\76th_srteamb\trunk\srteam_project\maptool_sr\default\debug\srteam_project_maptoolview.obj
c:\users\ksb\desktop\76th_srteamb\trunk\srteam_project\maptool_sr\default\debug\stdafx.obj
c:\users\ksb\desktop\76th_srteamb\trunk\srteam_project\maptool_sr\default\debug\terrain.obj
c:\users\ksb\desktop\76th_srteamb\trunk\srteam_project\maptool_sr\default\debug\test.obj
c:\users\ksb\desktop\76th_srteamb\trunk\srteam_project\maptool_sr\default\debug\srteam_project_maptool.res
c:\users\ksb\desktop\76th_srteamb\trunk\srteam_project\maptool_sr\default\debug\srteam_project_maptool.pch
c:\users\ksb\desktop\76th_srteamb\trunk\srteam_project\maptool_sr\default\debug\vc140.idb
c:\users\ksb\desktop\76th_srteamb\trunk\srteam_project\maptool_sr\default\debug\vc140.pdb
c:\users\ksb\desktop\76th_srteamb\trunk\srteam_project\maptool_sr\default\../bin/srteam_project_maptool.exe
c:\users\ksb\desktop\76th_srteamb\trunk\srteam_project\maptool_sr\default\debug\srteam_p.20180562.tlog\cl.command.1.tlog
c:\users\ksb\desktop\76th_srteamb\trunk\srteam_project\maptool_sr\default\debug\srteam_p.20180562.tlog\cl.read.1.tlog
c:\users\ksb\desktop\76th_srteamb\trunk\srteam_project\maptool_sr\default\debug\srteam_p.20180562.tlog\cl.write.1.tlog
c:\users\ksb\desktop\76th_srteamb\trunk\srteam_project\maptool_sr\default\debug\srteam_p.20180562.tlog\link.command.1.tlog
c:\users\ksb\desktop\76th_srteamb\trunk\srteam_project\maptool_sr\default\debug\srteam_p.20180562.tlog\link.read.1.tlog
c:\users\ksb\desktop\76th_srteamb\trunk\srteam_project\maptool_sr\default\debug\srteam_p.20180562.tlog\link.write.1.tlog
c:\users\ksb\desktop\76th_srteamb\trunk\srteam_project\maptool_sr\default\debug\srteam_p.20180562.tlog\rc.command.1.tlog
c:\users\ksb\desktop\76th_srteamb\trunk\srteam_project\maptool_sr\default\debug\srteam_p.20180562.tlog\rc.read.1.tlog
c:\users\ksb\desktop\76th_srteamb\trunk\srteam_project\maptool_sr\default\debug\srteam_p.20180562.tlog\rc.write.1.tlog
c:\users\ksb\desktop\76th_srteamb\trunk\srteam_project\maptool_sr\default\debug\srteam_p.20180562.tlog\srteam_project_maptool.write.1u.tlog
=======
c:\users\ksb\desktop\76th_srteamb\trunk\srteam_project\maptool_sr\default\debug\srteam_project_maptool.pch
c:\users\ksb\desktop\76th_srteamb\trunk\srteam_project\maptool_sr\default\debug\vc140.pdb
c:\users\ksb\desktop\76th_srteamb\trunk\srteam_project\maptool_sr\default\debug\vc140.idb
c:\users\ksb\desktop\76th_srteamb\trunk\srteam_project\maptool_sr\default\debug\stdafx.obj
c:\users\ksb\desktop\76th_srteamb\trunk\srteam_project\maptool_sr\default\debug\back_item.obj
c:\users\ksb\desktop\76th_srteamb\trunk\srteam_project\maptool_sr\default\debug\back_logo.obj
c:\users\ksb\desktop\76th_srteamb\trunk\srteam_project\maptool_sr\default\debug\back_object.obj
c:\users\ksb\desktop\76th_srteamb\trunk\srteam_project\maptool_sr\default\debug\camera_dynamic.obj
c:\users\ksb\desktop\76th_srteamb\trunk\srteam_project\maptool_sr\default\debug\cube.obj
c:\users\ksb\desktop\76th_srteamb\trunk\srteam_project\maptool_sr\default\debug\keymgr.obj
c:\users\ksb\desktop\76th_srteamb\trunk\srteam_project\maptool_sr\default\debug\monster.obj
c:\users\ksb\desktop\76th_srteamb\trunk\srteam_project\maptool_sr\default\debug\scene_logo.obj
c:\users\ksb\desktop\76th_srteamb\trunk\srteam_project\maptool_sr\default\debug\terrain.obj
c:\users\ksb\desktop\76th_srteamb\trunk\srteam_project\maptool_sr\default\debug\cube_tool.obj
c:\users\ksb\desktop\76th_srteamb\trunk\srteam_project\maptool_sr\default\debug\item_tool.obj
c:\users\ksb\desktop\76th_srteamb\trunk\srteam_project\maptool_sr\default\debug\mainform.obj
c:\users\ksb\desktop\76th_srteamb\trunk\srteam_project\maptool_sr\default\debug\mainfrm.obj
c:\users\ksb\desktop\76th_srteamb\trunk\srteam_project\maptool_sr\default\debug\monster_tool.obj
c:\users\ksb\desktop\76th_srteamb\trunk\srteam_project\maptool_sr\default\debug\object_tool.obj
c:\users\ksb\desktop\76th_srteamb\trunk\srteam_project\maptool_sr\default\debug\srteam_project_maptool.obj
c:\users\ksb\desktop\76th_srteamb\trunk\srteam_project\maptool_sr\default\debug\srteam_project_maptooldoc.obj
c:\users\ksb\desktop\76th_srteamb\trunk\srteam_project\maptool_sr\default\debug\srteam_project_maptoolview.obj
c:\users\ksb\desktop\76th_srteamb\trunk\srteam_project\maptool_sr\default\debug\test.obj
c:\users\ksb\desktop\76th_srteamb\trunk\srteam_project\maptool_sr\bin\srteam_project_maptool.ilk
c:\users\ksb\desktop\76th_srteamb\trunk\srteam_project\maptool_sr\bin\srteam_project_maptool.exe
c:\users\ksb\desktop\76th_srteamb\trunk\srteam_project\maptool_sr\bin\lnk{a1c07366-a0a7-4b55-8715-480a53fa2035}.tmp
c:\users\ksb\desktop\76th_srteamb\trunk\srteam_project\maptool_sr\bin\srteam_project_maptool.pdb
c:\users\ksb\desktop\76th_srteamb\trunk\srteam_project\maptool_sr\default\debug\srteam_project_maptool.res
c:\users\ksb\desktop\76th_srteamb\trunk\srteam_project\maptool_sr\bin\srteam_project_maptool.lib
c:\users\ksb\desktop\76th_srteamb\trunk\srteam_project\maptool_sr\bin\srteam_project_maptool.exp
c:\users\dilki\desktop\sr_team\trunk\srteam_project\maptool_sr\default\debug\srteam_project_maptool.vcxprojresolveassemblyreference.cache
>>>>>>> .r163
c:\users\dilki\desktop\sr_team\trunk\srteam_project\maptool_sr\default\debug\back_item.obj
c:\users\dilki\desktop\sr_team\trunk\srteam_project\maptool_sr\default\debug\back_logo.obj
c:\users\dilki\desktop\sr_team\trunk\srteam_project\maptool_sr\default\debug\back_object.obj
c:\users\dilki\desktop\sr_team\trunk\srteam_project\maptool_sr\default\debug\camera_dynamic.obj
c:\users\dilki\desktop\sr_team\trunk\srteam_project\maptool_sr\default\debug\cube.obj
c:\users\dilki\desktop\sr_team\trunk\srteam_project\maptool_sr\default\debug\keymgr.obj
c:\users\dilki\desktop\sr_team\trunk\srteam_project\maptool_sr\default\debug\monster.obj
c:\users\dilki\desktop\sr_team\trunk\srteam_project\maptool_sr\default\debug\scene_logo.obj
c:\users\dilki\desktop\sr_team\trunk\srteam_project\maptool_sr\default\debug\terrain.obj
c:\users\dilki\desktop\sr_team\trunk\srteam_project\maptool_sr\default\debug\cube_tool.obj
c:\users\dilki\desktop\sr_team\trunk\srteam_project\maptool_sr\default\debug\item_tool.obj
c:\users\dilki\desktop\sr_team\trunk\srteam_project\maptool_sr\default\debug\mainform.obj
c:\users\dilki\desktop\sr_team\trunk\srteam_project\maptool_sr\default\debug\mainfrm.obj
c:\users\dilki\desktop\sr_team\trunk\srteam_project\maptool_sr\default\debug\monster_tool.obj
c:\users\dilki\desktop\sr_team\trunk\srteam_project\maptool_sr\default\debug\object_tool.obj
c:\users\dilki\desktop\sr_team\trunk\srteam_project\maptool_sr\default\debug\srteam_project_maptool.obj
c:\users\dilki\desktop\sr_team\trunk\srteam_project\maptool_sr\default\debug\srteam_project_maptooldoc.obj
c:\users\dilki\desktop\sr_team\trunk\srteam_project\maptool_sr\default\debug\srteam_project_maptoolview.obj
c:\users\dilki\desktop\sr_team\trunk\srteam_project\maptool_sr\default\debug\test.obj
c:\users\dilki\desktop\sr_team\trunk\srteam_project\maptool_sr\bin\srteam_project_maptool.ilk
c:\users\dilki\desktop\sr_team\trunk\srteam_project\maptool_sr\bin\srteam_project_maptool.exe
c:\users\dilki\desktop\sr_team\trunk\srteam_project\maptool_sr\bin\lnk{c7235a2b-e6b7-4a61-af51-813398be37f5}.tmp
c:\users\dilki\desktop\sr_team\trunk\srteam_project\maptool_sr\bin\srteam_project_maptool.pdb
c:\users\dilki\desktop\sr_team\trunk\srteam_project\maptool_sr\default\debug\srteam_project_maptool.res
c:\users\dilki\desktop\sr_team\trunk\srteam_project\maptool_sr\bin\srteam_project_maptool.lib
c:\users\dilki\desktop\sr_team\trunk\srteam_project\maptool_sr\bin\srteam_project_maptool.exp
c:\users\dilki\desktop\sr_team\trunk\srteam_project\maptool_sr\default\debug\srteam_project_maptool.vcxprojresolveassemblyreference.cache
c:\users\dilki\desktop\sr_team\trunk\srteam_project\maptool_sr\default\../bin/srteam_project_maptool.exe
c:\users\dilki\desktop\sr_team\trunk\srteam_project\maptool_sr\default\debug\srteam_p.20180562.tlog\cl.command.1.tlog
c:\users\dilki\desktop\sr_team\trunk\srteam_project\maptool_sr\default\debug\srteam_p.20180562.tlog\cl.read.1.tlog
c:\users\dilki\desktop\sr_team\trunk\srteam_project\maptool_sr\default\debug\srteam_p.20180562.tlog\cl.write.1.tlog
c:\users\dilki\desktop\sr_team\trunk\srteam_project\maptool_sr\default\debug\srteam_p.20180562.tlog\link.command.1.tlog
c:\users\dilki\desktop\sr_team\trunk\srteam_project\maptool_sr\default\debug\srteam_p.20180562.tlog\link.delete.1.tlog
c:\users\dilki\desktop\sr_team\trunk\srteam_project\maptool_sr\default\debug\srteam_p.20180562.tlog\link.read.1.tlog
c:\users\dilki\desktop\sr_team\trunk\srteam_project\maptool_sr\default\debug\srteam_p.20180562.tlog\link.write.1.tlog
c:\users\dilki\desktop\sr_team\trunk\srteam_project\maptool_sr\default\debug\srteam_p.20180562.tlog\rc.command.1.tlog
c:\users\dilki\desktop\sr_team\trunk\srteam_project\maptool_sr\default\debug\srteam_p.20180562.tlog\rc.read.1.tlog
c:\users\dilki\desktop\sr_team\trunk\srteam_project\maptool_sr\default\debug\srteam_p.20180562.tlog\rc.write.1.tlog
c:\users\dilki\desktop\sr_team\trunk\srteam_project\maptool_sr\default\debug\srteam_p.20180562.tlog\srteam_project_maptool.write.1u.tlog
>>>>>>> .r160
=======
c:\users\dilki\desktop\sr_team\trunk\srteam_project\maptool_sr\bin\srteam_project_maptool.ilk
c:\users\dilki\desktop\sr_team\trunk\srteam_project\maptool_sr\bin\srteam_project_maptool.exe
c:\users\dilki\desktop\sr_team\trunk\srteam_project\maptool_sr\bin\srteam_project_maptool.pdb
c:\users\ksb\desktop\76th_srteamb\trunk\srteam_project\maptool_sr\default\debug\srteam_project_maptool.res
c:\users\ksb\desktop\76th_srteamb\trunk\srteam_project\maptool_sr\bin\srteam_project_maptool.lib
c:\users\ksb\desktop\76th_srteamb\trunk\srteam_project\maptool_sr\bin\srteam_project_maptool.exp
c:\users\ksb\desktop\76th_srteamb\trunk\srteam_project\maptool_sr\default\debug\srteam_project_maptool.vcxprojresolveassemblyreference.cache
c:\users\ksb\desktop\76th_srteamb\trunk\srteam_project\maptool_sr\default\../bin/srteam_project_maptool.exe
c:\users\ksb\desktop\76th_srteamb\trunk\srteam_project\maptool_sr\default\debug\srteam_p.20180562.tlog\cl.command.1.tlog
c:\users\ksb\desktop\76th_srteamb\trunk\srteam_project\maptool_sr\default\debug\srteam_p.20180562.tlog\cl.read.1.tlog
c:\users\ksb\desktop\76th_srteamb\trunk\srteam_project\maptool_sr\default\debug\srteam_p.20180562.tlog\cl.write.1.tlog
c:\users\ksb\desktop\76th_srteamb\trunk\srteam_project\maptool_sr\default\debug\srteam_p.20180562.tlog\link.command.1.tlog
c:\users\ksb\desktop\76th_srteamb\trunk\srteam_project\maptool_sr\default\debug\srteam_p.20180562.tlog\link.delete.1.tlog
c:\users\ksb\desktop\76th_srteamb\trunk\srteam_project\maptool_sr\default\debug\srteam_p.20180562.tlog\link.read.1.tlog
c:\users\ksb\desktop\76th_srteamb\trunk\srteam_project\maptool_sr\default\debug\srteam_p.20180562.tlog\link.write.1.tlog
c:\users\ksb\desktop\76th_srteamb\trunk\srteam_project\maptool_sr\default\debug\srteam_p.20180562.tlog\rc.command.1.tlog
c:\users\ksb\desktop\76th_srteamb\trunk\srteam_project\maptool_sr\default\debug\srteam_p.20180562.tlog\rc.read.1.tlog
c:\users\ksb\desktop\76th_srteamb\trunk\srteam_project\maptool_sr\default\debug\srteam_p.20180562.tlog\rc.write.1.tlog
c:\users\ksb\desktop\76th_srteamb\trunk\srteam_project\maptool_sr\default\debug\srteam_p.20180562.tlog\srteam_project_maptool.write.1u.tlog
>>>>>>> .r172
