c:\users\ksb\desktop\76th_srteamb\trunk\srteam_project\engine\system\default\debug\vc140.pdb
c:\users\ksb\desktop\76th_srteamb\trunk\srteam_project\engine\system\default\debug\vc140.idb
<<<<<<< .mine
c:\users\ksb\desktop\76th_srteamb\trunk\srteam_project\engine\system\default\debug\frame.obj
c:\users\ksb\desktop\76th_srteamb\trunk\srteam_project\engine\system\default\debug\frame_manager.obj
c:\users\ksb\desktop\76th_srteamb\trunk\srteam_project\engine\system\default\debug\graphic_device.obj
c:\users\ksb\desktop\76th_srteamb\trunk\srteam_project\engine\system\default\debug\input_device.obj
c:\users\ksb\desktop\76th_srteamb\trunk\srteam_project\engine\system\default\debug\timer.obj
c:\users\ksb\desktop\76th_srteamb\trunk\srteam_project\engine\system\default\debug\timer_manager.obj
c:\users\ksb\desktop\76th_srteamb\trunk\srteam_project\engine\system\bin\system.ilk
c:\users\ksb\desktop\76th_srteamb\trunk\srteam_project\engine\system\bin\system.dll
c:\users\ksb\desktop\76th_srteamb\trunk\srteam_project\engine\system\bin\system.pdb
c:\users\ksb\desktop\76th_srteamb\trunk\srteam_project\engine\system\bin\system.lib
c:\users\ksb\desktop\76th_srteamb\trunk\srteam_project\engine\system\bin\system.exp
c:\users\osm\desktop\76th_srteamb\trunk\srteam_project\engine\system\default\debug\frame.obj
c:\users\osm\desktop\76th_srteamb\trunk\srteam_project\engine\system\default\debug\frame_manager.obj
c:\users\osm\desktop\76th_srteamb\trunk\srteam_project\engine\system\default\debug\graphic_device.obj
c:\users\osm\desktop\76th_srteamb\trunk\srteam_project\engine\system\default\debug\input_device.obj
c:\users\osm\desktop\76th_srteamb\trunk\srteam_project\engine\system\default\debug\timer.obj
c:\users\osm\desktop\76th_srteamb\trunk\srteam_project\engine\system\default\debug\timer_manager.obj
c:\users\osm\desktop\76th_srteamb\trunk\srteam_project\engine\system\default\debug\vc140.idb
c:\users\osm\desktop\76th_srteamb\trunk\srteam_project\engine\system\default\debug\vc140.pdb
c:\users\osm\desktop\76th_srteamb\trunk\srteam_project\engine\system\default\..\bin\system.dll
c:\users\osm\desktop\76th_srteamb\trunk\srteam_project\engine\system\default\debug\system.tlog\cl.command.1.tlog
c:\users\osm\desktop\76th_srteamb\trunk\srteam_project\engine\system\default\debug\system.tlog\cl.read.1.tlog
c:\users\osm\desktop\76th_srteamb\trunk\srteam_project\engine\system\default\debug\system.tlog\cl.write.1.tlog
c:\users\osm\desktop\76th_srteamb\trunk\srteam_project\engine\system\default\debug\system.tlog\link.command.1.tlog
c:\users\osm\desktop\76th_srteamb\trunk\srteam_project\engine\system\default\debug\system.tlog\link.read.1.tlog
c:\users\osm\desktop\76th_srteamb\trunk\srteam_project\engine\system\default\debug\system.tlog\link.write.1.tlog
c:\users\osm\desktop\76th_srteamb\trunk\srteam_project\engine\system\default\debug\system.tlog\system.write.1u.tlog
||||||| .r170
c:\users\dilki\desktop\sr_team\trunk\srteam_project\engine\system\bin\system.ilk
c:\users\dilki\desktop\sr_team\trunk\srteam_project\engine\system\bin\system.dll
c:\users\dilki\desktop\sr_team\trunk\srteam_project\engine\system\bin\system.pdb
c:\users\dilki\desktop\sr_team\trunk\srteam_project\engine\system\bin\system.lib
c:\users\dilki\desktop\sr_team\trunk\srteam_project\engine\system\bin\system.exp
c:\users\ksb\desktop\76th_srteamb\trunk\srteam_project\engine\system\default\..\bin\system.dll
c:\users\ksb\desktop\76th_srteamb\trunk\srteam_project\engine\system\default\debug\system.tlog\cl.command.1.tlog
c:\users\ksb\desktop\76th_srteamb\trunk\srteam_project\engine\system\default\debug\system.tlog\cl.read.1.tlog
c:\users\ksb\desktop\76th_srteamb\trunk\srteam_project\engine\system\default\debug\system.tlog\cl.write.1.tlog
c:\users\ksb\desktop\76th_srteamb\trunk\srteam_project\engine\system\default\debug\system.tlog\link.command.1.tlog
c:\users\ksb\desktop\76th_srteamb\trunk\srteam_project\engine\system\default\debug\system.tlog\link.read.1.tlog
c:\users\ksb\desktop\76th_srteamb\trunk\srteam_project\engine\system\default\debug\system.tlog\link.write.1.tlog
c:\users\ksb\desktop\76th_srteamb\trunk\srteam_project\engine\system\default\debug\system.tlog\system.write.1u.tlog
=======
c:\users\osm\desktop\76th_srteamb\trunk\srteam_project\engine\system\default\debug\vc140.pdb
c:\users\osm\desktop\76th_srteamb\trunk\srteam_project\engine\system\default\debug\vc140.idb
c:\users\osm\desktop\76th_srteamb\trunk\srteam_project\engine\system\default\debug\frame.obj
c:\users\osm\desktop\76th_srteamb\trunk\srteam_project\engine\system\default\debug\frame_manager.obj
c:\users\osm\desktop\76th_srteamb\trunk\srteam_project\engine\system\default\debug\graphic_device.obj
c:\users\osm\desktop\76th_srteamb\trunk\srteam_project\engine\system\default\debug\input_device.obj
c:\users\osm\desktop\76th_srteamb\trunk\srteam_project\engine\system\default\debug\timer.obj
c:\users\osm\desktop\76th_srteamb\trunk\srteam_project\engine\system\default\debug\timer_manager.obj
c:\users\osm\desktop\76th_srteamb\trunk\srteam_project\engine\system\bin\system.ilk
c:\users\osm\desktop\76th_srteamb\trunk\srteam_project\engine\system\bin\system.dll
c:\users\osm\desktop\76th_srteamb\trunk\srteam_project\engine\system\bin\system.pdb
c:\users\osm\desktop\76th_srteamb\trunk\srteam_project\engine\system\bin\system.lib
c:\users\osm\desktop\76th_srteamb\trunk\srteam_project\engine\system\bin\system.exp
c:\users\osm\desktop\76th_srteamb\trunk\srteam_project\engine\system\default\..\bin\system.dll
c:\users\osm\desktop\76th_srteamb\trunk\srteam_project\engine\system\default\debug\system.tlog\cl.command.1.tlog
c:\users\osm\desktop\76th_srteamb\trunk\srteam_project\engine\system\default\debug\system.tlog\cl.read.1.tlog
c:\users\osm\desktop\76th_srteamb\trunk\srteam_project\engine\system\default\debug\system.tlog\cl.write.1.tlog
c:\users\osm\desktop\76th_srteamb\trunk\srteam_project\engine\system\default\debug\system.tlog\link.command.1.tlog
c:\users\osm\desktop\76th_srteamb\trunk\srteam_project\engine\system\default\debug\system.tlog\link.read.1.tlog
c:\users\osm\desktop\76th_srteamb\trunk\srteam_project\engine\system\default\debug\system.tlog\link.write.1.tlog
c:\users\osm\desktop\76th_srteamb\trunk\srteam_project\engine\system\default\debug\system.tlog\system.write.1u.tlog
>>>>>>> .r159
=======
||||||| .r158
c:\users\dilki\desktop\sr_team\trunk\srteam_project\engine\system\default\debug\vc140.pdb
c:\users\dilki\desktop\sr_team\trunk\srteam_project\engine\system\default\debug\vc140.idb
c:\users\dilki\desktop\sr_team\trunk\srteam_project\engine\system\default\debug\frame.obj
c:\users\dilki\desktop\sr_team\trunk\srteam_project\engine\system\default\debug\frame_manager.obj
c:\users\dilki\desktop\sr_team\trunk\srteam_project\engine\system\default\debug\graphic_device.obj
c:\users\dilki\desktop\sr_team\trunk\srteam_project\engine\system\default\debug\input_device.obj
c:\users\dilki\desktop\sr_team\trunk\srteam_project\engine\system\default\debug\timer.obj
c:\users\dilki\desktop\sr_team\trunk\srteam_project\engine\system\default\debug\timer_manager.obj
c:\users\ksb\desktop\76th_srteamb\trunk\srteam_project\engine\system\default\debug\vc140.pdb
c:\users\ksb\desktop\76th_srteamb\trunk\srteam_project\engine\system\default\debug\vc140.idb
c:\users\dilki\desktop\sr_team\trunk\srteam_project\engine\system\bin\system.ilk
c:\users\dilki\desktop\sr_team\trunk\srteam_project\engine\system\bin\system.dll
c:\users\dilki\desktop\sr_team\trunk\srteam_project\engine\system\bin\system.pdb
c:\users\dilki\desktop\sr_team\trunk\srteam_project\engine\system\bin\system.lib
c:\users\dilki\desktop\sr_team\trunk\srteam_project\engine\system\bin\system.exp
c:\users\ksb\desktop\76th_srteamb\trunk\srteam_project\engine\system\default\..\bin\system.dll
c:\users\ksb\desktop\76th_srteamb\trunk\srteam_project\engine\system\default\debug\system.tlog\cl.command.1.tlog
c:\users\ksb\desktop\76th_srteamb\trunk\srteam_project\engine\system\default\debug\system.tlog\cl.read.1.tlog
c:\users\ksb\desktop\76th_srteamb\trunk\srteam_project\engine\system\default\debug\system.tlog\cl.write.1.tlog
c:\users\ksb\desktop\76th_srteamb\trunk\srteam_project\engine\system\default\debug\system.tlog\link.command.1.tlog
c:\users\ksb\desktop\76th_srteamb\trunk\srteam_project\engine\system\default\debug\system.tlog\link.read.1.tlog
c:\users\ksb\desktop\76th_srteamb\trunk\srteam_project\engine\system\default\debug\system.tlog\link.write.1.tlog
c:\users\ksb\desktop\76th_srteamb\trunk\srteam_project\engine\system\default\debug\system.tlog\system.write.1u.tlog
=======
c:\users\osm\desktop\76th_srteamb\trunk\srteam_project\engine\system\default\debug\vc140.pdb
c:\users\osm\desktop\76th_srteamb\trunk\srteam_project\engine\system\default\debug\vc140.idb
c:\users\osm\desktop\76th_srteamb\trunk\srteam_project\engine\system\default\debug\frame.obj
c:\users\osm\desktop\76th_srteamb\trunk\srteam_project\engine\system\default\debug\frame_manager.obj
c:\users\osm\desktop\76th_srteamb\trunk\srteam_project\engine\system\default\debug\graphic_device.obj
c:\users\osm\desktop\76th_srteamb\trunk\srteam_project\engine\system\default\debug\input_device.obj
c:\users\osm\desktop\76th_srteamb\trunk\srteam_project\engine\system\default\debug\timer.obj
c:\users\osm\desktop\76th_srteamb\trunk\srteam_project\engine\system\default\debug\timer_manager.obj
c:\users\osm\desktop\76th_srteamb\trunk\srteam_project\engine\system\bin\system.ilk
c:\users\osm\desktop\76th_srteamb\trunk\srteam_project\engine\system\bin\system.dll
c:\users\osm\desktop\76th_srteamb\trunk\srteam_project\engine\system\bin\system.pdb
c:\users\osm\desktop\76th_srteamb\trunk\srteam_project\engine\system\bin\system.lib
c:\users\osm\desktop\76th_srteamb\trunk\srteam_project\engine\system\bin\system.exp
<<<<<<< .mine
c:\users\ksb\desktop\76th_srteamb\trunk\srteam_project\engine\system\default\debug\frame.obj
c:\users\ksb\desktop\76th_srteamb\trunk\srteam_project\engine\system\default\debug\frame_manager.obj
c:\users\ksb\desktop\76th_srteamb\trunk\srteam_project\engine\system\default\debug\graphic_device.obj
c:\users\ksb\desktop\76th_srteamb\trunk\srteam_project\engine\system\default\debug\input_device.obj
c:\users\ksb\desktop\76th_srteamb\trunk\srteam_project\engine\system\default\debug\timer.obj
c:\users\ksb\desktop\76th_srteamb\trunk\srteam_project\engine\system\default\debug\timer_manager.obj
c:\users\ksb\desktop\76th_srteamb\trunk\srteam_project\engine\system\default\debug\vc140.idb
c:\users\ksb\desktop\76th_srteamb\trunk\srteam_project\engine\system\default\debug\vc140.pdb
c:\users\ksb\desktop\76th_srteamb\trunk\srteam_project\engine\system\default\..\bin\system.dll
c:\users\ksb\desktop\76th_srteamb\trunk\srteam_project\engine\system\default\debug\system.tlog\cl.command.1.tlog
c:\users\ksb\desktop\76th_srteamb\trunk\srteam_project\engine\system\default\debug\system.tlog\cl.read.1.tlog
c:\users\ksb\desktop\76th_srteamb\trunk\srteam_project\engine\system\default\debug\system.tlog\cl.write.1.tlog
c:\users\ksb\desktop\76th_srteamb\trunk\srteam_project\engine\system\default\debug\system.tlog\link.command.1.tlog
c:\users\ksb\desktop\76th_srteamb\trunk\srteam_project\engine\system\default\debug\system.tlog\link.read.1.tlog
c:\users\ksb\desktop\76th_srteamb\trunk\srteam_project\engine\system\default\debug\system.tlog\link.write.1.tlog
c:\users\ksb\desktop\76th_srteamb\trunk\srteam_project\engine\system\default\debug\system.tlog\system.write.1u.tlog
||||||| .r159
c:\users\osm\desktop\76th_srteamb\trunk\srteam_project\engine\system\default\..\bin\system.dll
c:\users\osm\desktop\76th_srteamb\trunk\srteam_project\engine\system\default\debug\system.tlog\cl.command.1.tlog
c:\users\osm\desktop\76th_srteamb\trunk\srteam_project\engine\system\default\debug\system.tlog\cl.read.1.tlog
c:\users\osm\desktop\76th_srteamb\trunk\srteam_project\engine\system\default\debug\system.tlog\cl.write.1.tlog
c:\users\osm\desktop\76th_srteamb\trunk\srteam_project\engine\system\default\debug\system.tlog\link.command.1.tlog
c:\users\osm\desktop\76th_srteamb\trunk\srteam_project\engine\system\default\debug\system.tlog\link.read.1.tlog
c:\users\osm\desktop\76th_srteamb\trunk\srteam_project\engine\system\default\debug\system.tlog\link.write.1.tlog
c:\users\osm\desktop\76th_srteamb\trunk\srteam_project\engine\system\default\debug\system.tlog\system.write.1u.tlog
=======
c:\users\osm\desktop\76th_srteamb\trunk\srteam_project\engine\system\default\..\bin\system.dll
c:\users\osm\desktop\76th_srteamb\trunk\srteam_project\engine\system\default\debug\system.tlog\cl.command.1.tlog
c:\users\osm\desktop\76th_srteamb\trunk\srteam_project\engine\system\default\debug\system.tlog\cl.read.1.tlog
c:\users\osm\desktop\76th_srteamb\trunk\srteam_project\engine\system\default\debug\system.tlog\cl.write.1.tlog
c:\users\osm\desktop\76th_srteamb\trunk\srteam_project\engine\system\default\debug\system.tlog\link.command.1.tlog
c:\users\osm\desktop\76th_srteamb\trunk\srteam_project\engine\system\default\debug\system.tlog\link.read.1.tlog
c:\users\osm\desktop\76th_srteamb\trunk\srteam_project\engine\system\default\debug\system.tlog\link.write.1.tlog
c:\users\osm\desktop\76th_srteamb\trunk\srteam_project\engine\system\default\debug\system.tlog\system.write.1u.tlog
>>>>>>> .r159
>>>>>>> .r160
>>>>>>> .r163
=======
c:\users\ksb\desktop\76th_srteamb\trunk\srteam_project\engine\system\default\debug\frame.obj
c:\users\ksb\desktop\76th_srteamb\trunk\srteam_project\engine\system\default\debug\frame_manager.obj
c:\users\ksb\desktop\76th_srteamb\trunk\srteam_project\engine\system\default\debug\graphic_device.obj
c:\users\ksb\desktop\76th_srteamb\trunk\srteam_project\engine\system\default\debug\input_device.obj
c:\users\ksb\desktop\76th_srteamb\trunk\srteam_project\engine\system\default\debug\timer.obj
c:\users\ksb\desktop\76th_srteamb\trunk\srteam_project\engine\system\default\debug\timer_manager.obj
c:\users\ksb\desktop\76th_srteamb\trunk\srteam_project\engine\system\bin\system.ilk
c:\users\ksb\desktop\76th_srteamb\trunk\srteam_project\engine\system\bin\system.dll
c:\users\ksb\desktop\76th_srteamb\trunk\srteam_project\engine\system\bin\system.pdb
c:\users\ksb\desktop\76th_srteamb\trunk\srteam_project\engine\system\bin\system.lib
c:\users\ksb\desktop\76th_srteamb\trunk\srteam_project\engine\system\bin\system.exp
c:\users\ksb\desktop\76th_srteamb\trunk\srteam_project\engine\system\default\..\bin\system.dll
c:\users\ksb\desktop\76th_srteamb\trunk\srteam_project\engine\system\default\debug\system.tlog\cl.command.1.tlog
c:\users\ksb\desktop\76th_srteamb\trunk\srteam_project\engine\system\default\debug\system.tlog\cl.read.1.tlog
c:\users\ksb\desktop\76th_srteamb\trunk\srteam_project\engine\system\default\debug\system.tlog\cl.write.1.tlog
c:\users\ksb\desktop\76th_srteamb\trunk\srteam_project\engine\system\default\debug\system.tlog\link.command.1.tlog
c:\users\ksb\desktop\76th_srteamb\trunk\srteam_project\engine\system\default\debug\system.tlog\link.read.1.tlog
c:\users\ksb\desktop\76th_srteamb\trunk\srteam_project\engine\system\default\debug\system.tlog\link.write.1.tlog
c:\users\ksb\desktop\76th_srteamb\trunk\srteam_project\engine\system\default\debug\system.tlog\system.write.1u.tlog
>>>>>>> .r172
