c:\users\osm\desktop\76th_srteamb\trunk\srteam_project\client\default\debug\client.pch
c:\users\osm\desktop\76th_srteamb\trunk\srteam_project\client\default\debug\vc140.pdb
c:\users\osm\desktop\76th_srteamb\trunk\srteam_project\client\default\debug\vc140.idb
c:\users\osm\desktop\76th_srteamb\trunk\srteam_project\client\default\debug\stdafx.obj
c:\users\osm\desktop\76th_srteamb\trunk\srteam_project\client\default\debug\monster_elemental_bullet_collision.obj
c:\users\osm\desktop\76th_srteamb\trunk\srteam_project\client\default\debug\monster_imp.obj
c:\users\osm\desktop\76th_srteamb\trunk\srteam_project\client\default\debug\monster_imp_bullet_collision.obj
c:\users\osm\desktop\76th_srteamb\trunk\srteam_project\client\default\debug\monster_normalsordier.obj
c:\users\osm\desktop\76th_srteamb\trunk\srteam_project\client\default\debug\monster_sergeant.obj
c:\users\osm\desktop\76th_srteamb\trunk\srteam_project\client\default\debug\monster_sergeant_bullet_collision.obj
c:\users\osm\desktop\76th_srteamb\trunk\srteam_project\client\default\debug\nomalfont.obj
c:\users\osm\desktop\76th_srteamb\trunk\srteam_project\client\default\debug\plasma_effect.obj
c:\users\osm\desktop\76th_srteamb\trunk\srteam_project\client\default\debug\scene.obj
c:\users\osm\desktop\76th_srteamb\trunk\srteam_project\client\default\debug\scenemgr.obj
c:\users\osm\desktop\76th_srteamb\trunk\srteam_project\client\default\debug\sky.obj
c:\users\osm\desktop\76th_srteamb\trunk\srteam_project\client\default\debug\stage1.obj
c:\users\osm\desktop\76th_srteamb\trunk\srteam_project\client\default\debug\stage1_boss.obj
c:\users\osm\desktop\76th_srteamb\trunk\srteam_project\client\default\debug\stage2.obj
c:\users\osm\desktop\76th_srteamb\trunk\srteam_project\client\default\debug\stage2_boss.obj
c:\users\osm\desktop\76th_srteamb\trunk\srteam_project\client\default\debug\stage3.obj
c:\users\osm\desktop\76th_srteamb\trunk\srteam_project\client\default\debug\static_camera.obj
c:\users\osm\desktop\76th_srteamb\trunk\srteam_project\client\default\debug\wall_cube.obj
c:\users\osm\desktop\76th_srteamb\trunk\srteam_project\client\default\debug\yellow_ui.obj
c:\users\osm\desktop\76th_srteamb\trunk\srteam_project\client\default\debug\client.obj
c:\users\osm\desktop\76th_srteamb\trunk\srteam_project\client\default\debug\dynamic_camera.obj
c:\users\osm\desktop\76th_srteamb\trunk\srteam_project\client\default\debug\effect_shotgun.obj
c:\users\osm\desktop\76th_srteamb\trunk\srteam_project\client\default\debug\face.obj
c:\users\osm\desktop\76th_srteamb\trunk\srteam_project\client\default\debug\gamemenu.obj
c:\users\osm\desktop\76th_srteamb\trunk\srteam_project\client\default\debug\hit.obj
c:\users\osm\desktop\76th_srteamb\trunk\srteam_project\client\default\debug\hit_effect.obj
c:\users\osm\desktop\76th_srteamb\trunk\srteam_project\client\default\debug\item.obj
c:\users\osm\desktop\76th_srteamb\trunk\srteam_project\client\default\debug\logo.obj
c:\users\osm\desktop\76th_srteamb\trunk\srteam_project\client\default\debug\maingame.obj
c:\users\osm\desktop\76th_srteamb\trunk\srteam_project\client\default\debug\map_object.obj
c:\users\osm\desktop\76th_srteamb\trunk\srteam_project\client\default\debug\minifont.obj
c:\users\osm\desktop\76th_srteamb\trunk\srteam_project\client\default\debug\monater_normalsordier_bullet_collision.obj
c:\users\osm\desktop\76th_srteamb\trunk\srteam_project\client\default\debug\monster_afrit.obj
c:\users\osm\desktop\76th_srteamb\trunk\srteam_project\client\default\debug\monster_afrit_bullet_collision.obj
c:\users\osm\desktop\76th_srteamb\trunk\srteam_project\client\default\debug\monster_baron.obj
c:\users\osm\desktop\76th_srteamb\trunk\srteam_project\client\default\debug\monster_baron_bullet_collision.obj
c:\users\osm\desktop\76th_srteamb\trunk\srteam_project\client\default\debug\monster_deco.obj
c:\users\osm\desktop\76th_srteamb\trunk\srteam_project\client\default\debug\monster_deco_bullet_collision.obj
c:\users\osm\desktop\76th_srteamb\trunk\srteam_project\client\default\debug\monster_demon.obj
c:\users\osm\desktop\76th_srteamb\trunk\srteam_project\client\default\debug\monster_elemental.obj
c:\users\osm\desktop\76th_srteamb\trunk\srteam_project\client\default\debug\back_logo.obj
c:\users\osm\desktop\76th_srteamb\trunk\srteam_project\client\default\debug\bfg_effect.obj
c:\users\osm\desktop\76th_srteamb\trunk\srteam_project\client\default\debug\bfg_splash.obj
c:\users\osm\desktop\76th_srteamb\trunk\srteam_project\client\default\debug\boss_bullet_collision.obj
c:\users\osm\desktop\76th_srteamb\trunk\srteam_project\client\default\debug\boss_bullet_collision1.obj
c:\users\osm\desktop\76th_srteamb\trunk\srteam_project\client\default\debug\boss_bullet_collision2.obj
c:\users\osm\desktop\76th_srteamb\trunk\srteam_project\client\default\debug\bullet_basic.obj
c:\users\osm\desktop\76th_srteamb\trunk\srteam_project\client\default\debug\bullet_bfg.obj
c:\users\osm\desktop\76th_srteamb\trunk\srteam_project\client\default\debug\bullet_chaingun.obj
c:\users\osm\desktop\76th_srteamb\trunk\srteam_project\client\default\debug\bullet_plasma.obj
c:\users\osm\desktop\76th_srteamb\trunk\srteam_project\client\default\debug\bullet_shotgun.obj
c:\users\osm\desktop\76th_srteamb\trunk\srteam_project\client\default\debug\client_button.obj
<<<<<<< .mine
c:\users\osm\desktop\76th_srteamb\trunk\srteam_project\client\default\debug\client_menu.obj
c:\users\osm\desktop\76th_srteamb\trunk\srteam_project\client\default\debug\client_player.obj
c:\users\osm\desktop\76th_srteamb\trunk\srteam_project\client\default\debug\client_terrain.obj
c:\users\osm\desktop\76th_srteamb\trunk\srteam_project\client\default\debug\client_ui.obj
c:\users\osm\desktop\76th_srteamb\trunk\srteam_project\client\default\debug\collisionmgr.obj
c:\users\osm\desktop\76th_srteamb\trunk\srteam_project\client\bin\client.lib
c:\users\osm\desktop\76th_srteamb\trunk\srteam_project\client\bin\client.exp
c:\users\dilki\desktop\sr_team\trunk\srteam_project\client\bin\client.ilk
c:\users\dilki\desktop\sr_team\trunk\srteam_project\client\bin\client.exe
c:\users\dilki\desktop\sr_team\trunk\srteam_project\client\bin\client.pdb
c:\users\ksb\desktop\76th_srteamb\trunk\srteam_project\client\default\debug\client.res
||||||| .r170
c:\users\osm\desktop\76th_srteamb\trunk\srteam_project\client\default\debug\boss_bullet_collision1.obj
c:\users\osm\desktop\76th_srteamb\trunk\srteam_project\client\default\debug\boss_bullet_collision2.obj
c:\users\osm\desktop\76th_srteamb\trunk\srteam_project\client\default\debug\effect_shotgun.obj
c:\users\osm\desktop\76th_srteamb\trunk\srteam_project\client\default\debug\hit_effect.obj
c:\users\osm\desktop\76th_srteamb\trunk\srteam_project\client\default\debug\monster_afrit_bullet_collision.obj
c:\users\osm\desktop\76th_srteamb\trunk\srteam_project\client\default\debug\monster_baron_bullet_collision.obj
c:\users\osm\desktop\76th_srteamb\trunk\srteam_project\client\default\debug\monster_deco_bullet_collision.obj
c:\users\osm\desktop\76th_srteamb\trunk\srteam_project\client\bin\client.lib
c:\users\osm\desktop\76th_srteamb\trunk\srteam_project\client\bin\client.exp
c:\users\osm\desktop\76th_srteamb\trunk\srteam_project\client\bin\client.ilk
c:\users\osm\desktop\76th_srteamb\trunk\srteam_project\client\bin\client.exe
c:\users\osm\desktop\76th_srteamb\trunk\srteam_project\client\bin\client.pdb
=======
<<<<<<< .mine
c:\users\dilki\desktop\sr_team\trunk\srteam_project\client\default\debug\client.pch
c:\users\dilki\desktop\sr_team\trunk\srteam_project\client\default\debug\vc140.pdb
c:\users\dilki\desktop\sr_team\trunk\srteam_project\client\default\debug\vc140.idb
c:\users\dilki\desktop\sr_team\trunk\srteam_project\client\default\debug\stdafx.obj
c:\users\dilki\desktop\sr_team\trunk\srteam_project\client\default\debug\monster_elemental.obj
c:\users\dilki\desktop\sr_team\trunk\srteam_project\client\default\debug\monster_elemental_bullet_collision.obj
c:\users\dilki\desktop\sr_team\trunk\srteam_project\client\default\debug\monster_imp.obj
c:\users\dilki\desktop\sr_team\trunk\srteam_project\client\default\debug\monster_imp_bullet_collision.obj
c:\users\dilki\desktop\sr_team\trunk\srteam_project\client\default\debug\monster_normalsordier.obj
c:\users\dilki\desktop\sr_team\trunk\srteam_project\client\default\debug\monster_sergeant.obj
c:\users\dilki\desktop\sr_team\trunk\srteam_project\client\default\debug\monster_sergeant_bullet_collision.obj
c:\users\dilki\desktop\sr_team\trunk\srteam_project\client\default\debug\nomalfont.obj
c:\users\dilki\desktop\sr_team\trunk\srteam_project\client\default\debug\plasma_effect.obj
c:\users\dilki\desktop\sr_team\trunk\srteam_project\client\default\debug\scene.obj
c:\users\dilki\desktop\sr_team\trunk\srteam_project\client\default\debug\scenemgr.obj
c:\users\dilki\desktop\sr_team\trunk\srteam_project\client\default\debug\sky.obj
c:\users\dilki\desktop\sr_team\trunk\srteam_project\client\default\debug\stage1.obj
c:\users\dilki\desktop\sr_team\trunk\srteam_project\client\default\debug\stage1_boss.obj
c:\users\dilki\desktop\sr_team\trunk\srteam_project\client\default\debug\stage2.obj
c:\users\dilki\desktop\sr_team\trunk\srteam_project\client\default\debug\stage3.obj
c:\users\dilki\desktop\sr_team\trunk\srteam_project\client\default\debug\static_camera.obj
c:\users\dilki\desktop\sr_team\trunk\srteam_project\client\default\debug\wall_cube.obj
c:\users\dilki\desktop\sr_team\trunk\srteam_project\client\default\debug\yellow_ui.obj
c:\users\dilki\desktop\sr_team\trunk\srteam_project\client\default\debug\client.obj
c:\users\dilki\desktop\sr_team\trunk\srteam_project\client\default\debug\collisionmgr.obj
c:\users\dilki\desktop\sr_team\trunk\srteam_project\client\default\debug\dynamic_camera.obj
c:\users\dilki\desktop\sr_team\trunk\srteam_project\client\default\debug\effect_shotgun.obj
c:\users\dilki\desktop\sr_team\trunk\srteam_project\client\default\debug\face.obj
c:\users\dilki\desktop\sr_team\trunk\srteam_project\client\default\debug\gamemenu.obj
c:\users\dilki\desktop\sr_team\trunk\srteam_project\client\default\debug\hit.obj
c:\users\dilki\desktop\sr_team\trunk\srteam_project\client\default\debug\hit_effect.obj
c:\users\dilki\desktop\sr_team\trunk\srteam_project\client\default\debug\item.obj
c:\users\dilki\desktop\sr_team\trunk\srteam_project\client\default\debug\logo.obj
c:\users\dilki\desktop\sr_team\trunk\srteam_project\client\default\debug\maingame.obj
c:\users\dilki\desktop\sr_team\trunk\srteam_project\client\default\debug\map_object.obj
c:\users\dilki\desktop\sr_team\trunk\srteam_project\client\default\debug\minifont.obj
c:\users\dilki\desktop\sr_team\trunk\srteam_project\client\default\debug\monater_normalsordier_bullet_collision.obj
c:\users\dilki\desktop\sr_team\trunk\srteam_project\client\default\debug\monster_afrit.obj
c:\users\dilki\desktop\sr_team\trunk\srteam_project\client\default\debug\monster_afrit_bullet_collision.obj
c:\users\dilki\desktop\sr_team\trunk\srteam_project\client\default\debug\monster_baron.obj
c:\users\dilki\desktop\sr_team\trunk\srteam_project\client\default\debug\monster_baron_bullet_collision.obj
c:\users\dilki\desktop\sr_team\trunk\srteam_project\client\default\debug\monster_deco.obj
c:\users\dilki\desktop\sr_team\trunk\srteam_project\client\default\debug\monster_deco_bullet_collision.obj
c:\users\dilki\desktop\sr_team\trunk\srteam_project\client\default\debug\monster_demon.obj
c:\users\dilki\desktop\sr_team\trunk\srteam_project\client\default\debug\back_logo.obj
c:\users\dilki\desktop\sr_team\trunk\srteam_project\client\default\debug\bfg_effect.obj
c:\users\dilki\desktop\sr_team\trunk\srteam_project\client\default\debug\bfg_splash.obj
c:\users\dilki\desktop\sr_team\trunk\srteam_project\client\default\debug\boss_bullet_collision.obj
c:\users\dilki\desktop\sr_team\trunk\srteam_project\client\default\debug\boss_bullet_collision1.obj
c:\users\dilki\desktop\sr_team\trunk\srteam_project\client\default\debug\boss_bullet_collision2.obj
c:\users\dilki\desktop\sr_team\trunk\srteam_project\client\default\debug\bullet_basic.obj
c:\users\dilki\desktop\sr_team\trunk\srteam_project\client\default\debug\bullet_bfg.obj
c:\users\dilki\desktop\sr_team\trunk\srteam_project\client\default\debug\bullet_chaingun.obj
c:\users\dilki\desktop\sr_team\trunk\srteam_project\client\default\debug\bullet_plasma.obj
c:\users\dilki\desktop\sr_team\trunk\srteam_project\client\default\debug\bullet_shotgun.obj
c:\users\dilki\desktop\sr_team\trunk\srteam_project\client\default\debug\client_button.obj
c:\users\dilki\desktop\sr_team\trunk\srteam_project\client\default\debug\client_menu.obj
c:\users\dilki\desktop\sr_team\trunk\srteam_project\client\default\debug\client_player.obj
c:\users\dilki\desktop\sr_team\trunk\srteam_project\client\default\debug\client_terrain.obj
c:\users\dilki\desktop\sr_team\trunk\srteam_project\client\default\debug\client_ui.obj
c:\users\dilki\desktop\sr_team\trunk\srteam_project\client\bin\client.lib
c:\users\dilki\desktop\sr_team\trunk\srteam_project\client\bin\client.exp
c:\users\dilki\desktop\sr_team\trunk\srteam_project\client\bin\client.ilk
c:\users\dilki\desktop\sr_team\trunk\srteam_project\client\bin\client.exe
c:\users\dilki\desktop\sr_team\trunk\srteam_project\client\bin\client.pdb
c:\users\dilki\desktop\sr_team\trunk\srteam_project\client\default\debug\client.res
c:\users\dilki\desktop\sr_team\trunk\srteam_project\client\default\debug\client.vcxprojresolveassemblyreference.cache
c:\users\dilki\desktop\sr_team\trunk\srteam_project\client\default\debug\stage2_boss.obj
c:\users\dilki\desktop\sr_team\trunk\srteam_project\client\default\..\bin\client.exe
c:\users\dilki\desktop\sr_team\trunk\srteam_project\client\default\debug\client.tlog\cl.command.1.tlog
c:\users\dilki\desktop\sr_team\trunk\srteam_project\client\default\debug\client.tlog\cl.read.1.tlog
c:\users\dilki\desktop\sr_team\trunk\srteam_project\client\default\debug\client.tlog\cl.write.1.tlog
c:\users\dilki\desktop\sr_team\trunk\srteam_project\client\default\debug\client.tlog\client.write.1u.tlog
c:\users\dilki\desktop\sr_team\trunk\srteam_project\client\default\debug\client.tlog\link.command.1.tlog
c:\users\dilki\desktop\sr_team\trunk\srteam_project\client\default\debug\client.tlog\link.read.1.tlog
c:\users\dilki\desktop\sr_team\trunk\srteam_project\client\default\debug\client.tlog\link.write.1.tlog
c:\users\dilki\desktop\sr_team\trunk\srteam_project\client\default\debug\client.tlog\rc.command.1.tlog
c:\users\dilki\desktop\sr_team\trunk\srteam_project\client\default\debug\client.tlog\rc.read.1.tlog
c:\users\dilki\desktop\sr_team\trunk\srteam_project\client\default\debug\client.tlog\rc.write.1.tlog
<<<<<<< .mine
||||||| .r160
||||||| .r158
<<<<<<< .mine
c:\users\ksb\desktop\76th_srteamb\trunk\srteam_project\client\default\debug\client.pch
c:\users\ksb\desktop\76th_srteamb\trunk\srteam_project\client\default\debug\vc140.pdb
c:\users\ksb\desktop\76th_srteamb\trunk\srteam_project\client\default\debug\vc140.idb
c:\users\ksb\desktop\76th_srteamb\trunk\srteam_project\client\default\debug\stdafx.obj
c:\users\ksb\desktop\76th_srteamb\trunk\srteam_project\client\default\debug\minifont.obj
c:\users\ksb\desktop\76th_srteamb\trunk\srteam_project\client\default\debug\monster_afrit.obj
c:\users\ksb\desktop\76th_srteamb\trunk\srteam_project\client\default\debug\monster_baron.obj
c:\users\ksb\desktop\76th_srteamb\trunk\srteam_project\client\default\debug\monster_deco.obj
c:\users\ksb\desktop\76th_srteamb\trunk\srteam_project\client\default\debug\monster_demon.obj
c:\users\ksb\desktop\76th_srteamb\trunk\srteam_project\client\default\debug\monster_imp.obj
c:\users\ksb\desktop\76th_srteamb\trunk\srteam_project\client\default\debug\monster_imp_bullet_collision.obj
c:\users\ksb\desktop\76th_srteamb\trunk\srteam_project\client\default\debug\nomalfont.obj
c:\users\ksb\desktop\76th_srteamb\trunk\srteam_project\client\default\debug\plasma_effect.obj
c:\users\ksb\desktop\76th_srteamb\trunk\srteam_project\client\default\debug\scene.obj
c:\users\ksb\desktop\76th_srteamb\trunk\srteam_project\client\default\debug\scenemgr.obj
c:\users\ksb\desktop\76th_srteamb\trunk\srteam_project\client\default\debug\sky.obj
c:\users\ksb\desktop\76th_srteamb\trunk\srteam_project\client\default\debug\stage1.obj
c:\users\ksb\desktop\76th_srteamb\trunk\srteam_project\client\default\debug\stage1_boss.obj
c:\users\ksb\desktop\76th_srteamb\trunk\srteam_project\client\default\debug\stage2.obj
c:\users\ksb\desktop\76th_srteamb\trunk\srteam_project\client\default\debug\stage3.obj
c:\users\ksb\desktop\76th_srteamb\trunk\srteam_project\client\default\debug\static_camera.obj
c:\users\ksb\desktop\76th_srteamb\trunk\srteam_project\client\default\debug\wall_cube.obj
c:\users\ksb\desktop\76th_srteamb\trunk\srteam_project\client\default\debug\yellow_ui.obj
c:\users\ksb\desktop\76th_srteamb\trunk\srteam_project\client\default\debug\client.obj
c:\users\ksb\desktop\76th_srteamb\trunk\srteam_project\client\default\debug\boss_bullet_collision.obj
c:\users\ksb\desktop\76th_srteamb\trunk\srteam_project\client\default\debug\bullet_basic.obj
c:\users\ksb\desktop\76th_srteamb\trunk\srteam_project\client\default\debug\bullet_bfg.obj
c:\users\ksb\desktop\76th_srteamb\trunk\srteam_project\client\default\debug\bullet_chaingun.obj
c:\users\ksb\desktop\76th_srteamb\trunk\srteam_project\client\default\debug\bullet_plasma.obj
c:\users\ksb\desktop\76th_srteamb\trunk\srteam_project\client\default\debug\bullet_shotgun.obj
c:\users\ksb\desktop\76th_srteamb\trunk\srteam_project\client\default\debug\client_button.obj
c:\users\ksb\desktop\76th_srteamb\trunk\srteam_project\client\default\debug\client_menu.obj
c:\users\ksb\desktop\76th_srteamb\trunk\srteam_project\client\default\debug\client_player.obj
c:\users\ksb\desktop\76th_srteamb\trunk\srteam_project\client\default\debug\client_terrain.obj
c:\users\ksb\desktop\76th_srteamb\trunk\srteam_project\client\default\debug\client_ui.obj
c:\users\ksb\desktop\76th_srteamb\trunk\srteam_project\client\default\debug\collisionmgr.obj
c:\users\ksb\desktop\76th_srteamb\trunk\srteam_project\client\default\debug\dynamic_camera.obj
c:\users\ksb\desktop\76th_srteamb\trunk\srteam_project\client\default\debug\face.obj
c:\users\ksb\desktop\76th_srteamb\trunk\srteam_project\client\default\debug\gamemenu.obj
c:\users\ksb\desktop\76th_srteamb\trunk\srteam_project\client\default\debug\hit.obj
c:\users\ksb\desktop\76th_srteamb\trunk\srteam_project\client\default\debug\item.obj
c:\users\ksb\desktop\76th_srteamb\trunk\srteam_project\client\default\debug\logo.obj
c:\users\ksb\desktop\76th_srteamb\trunk\srteam_project\client\default\debug\maingame.obj
c:\users\ksb\desktop\76th_srteamb\trunk\srteam_project\client\default\debug\map_object.obj
c:\users\ksb\desktop\76th_srteamb\trunk\srteam_project\client\default\debug\back_logo.obj
c:\users\ksb\desktop\76th_srteamb\trunk\srteam_project\client\default\debug\bfg_effect.obj
c:\users\ksb\desktop\76th_srteamb\trunk\srteam_project\client\default\debug\bfg_splash.obj
c:\users\ksb\desktop\76th_srteamb\trunk\srteam_project\client\bin\client.lib
c:\users\ksb\desktop\76th_srteamb\trunk\srteam_project\client\bin\client.exp
||||||| .r151
c:\users\dilki\desktop\sr_team\trunk\srteam_project\client\default\debug\client.pch
c:\users\dilki\desktop\sr_team\trunk\srteam_project\client\default\debug\vc140.pdb
c:\users\dilki\desktop\sr_team\trunk\srteam_project\client\default\debug\vc140.idb
c:\users\dilki\desktop\sr_team\trunk\srteam_project\client\default\debug\stdafx.obj
c:\users\dilki\desktop\sr_team\trunk\srteam_project\client\default\debug\monster_baron.obj
c:\users\dilki\desktop\sr_team\trunk\srteam_project\client\default\debug\monster_deco.obj
c:\users\dilki\desktop\sr_team\trunk\srteam_project\client\default\debug\monster_demon.obj
c:\users\dilki\desktop\sr_team\trunk\srteam_project\client\default\debug\monster_imp.obj
c:\users\dilki\desktop\sr_team\trunk\srteam_project\client\default\debug\monster_imp_bullet_collision.obj
c:\users\dilki\desktop\sr_team\trunk\srteam_project\client\default\debug\monster_sergeant.obj
c:\users\dilki\desktop\sr_team\trunk\srteam_project\client\default\debug\monster_sergeant_bullet_collision.obj
c:\users\dilki\desktop\sr_team\trunk\srteam_project\client\default\debug\nomalfont.obj
c:\users\dilki\desktop\sr_team\trunk\srteam_project\client\default\debug\plasma_effect.obj
c:\users\dilki\desktop\sr_team\trunk\srteam_project\client\default\debug\scene.obj
c:\users\dilki\desktop\sr_team\trunk\srteam_project\client\default\debug\scenemgr.obj
c:\users\dilki\desktop\sr_team\trunk\srteam_project\client\default\debug\sky.obj
c:\users\dilki\desktop\sr_team\trunk\srteam_project\client\default\debug\stage1.obj
c:\users\dilki\desktop\sr_team\trunk\srteam_project\client\default\debug\stage1_boss.obj
c:\users\dilki\desktop\sr_team\trunk\srteam_project\client\default\debug\stage2.obj
c:\users\dilki\desktop\sr_team\trunk\srteam_project\client\default\debug\stage3.obj
c:\users\dilki\desktop\sr_team\trunk\srteam_project\client\default\debug\static_camera.obj
c:\users\dilki\desktop\sr_team\trunk\srteam_project\client\default\debug\wall_cube.obj
c:\users\dilki\desktop\sr_team\trunk\srteam_project\client\default\debug\yellow_ui.obj
c:\users\dilki\desktop\sr_team\trunk\srteam_project\client\default\debug\client.obj
c:\users\dilki\desktop\sr_team\trunk\srteam_project\client\default\debug\bullet_bfg.obj
c:\users\dilki\desktop\sr_team\trunk\srteam_project\client\default\debug\bullet_chaingun.obj
c:\users\dilki\desktop\sr_team\trunk\srteam_project\client\default\debug\bullet_plasma.obj
c:\users\dilki\desktop\sr_team\trunk\srteam_project\client\default\debug\bullet_shotgun.obj
c:\users\dilki\desktop\sr_team\trunk\srteam_project\client\default\debug\client_button.obj
c:\users\dilki\desktop\sr_team\trunk\srteam_project\client\default\debug\client_menu.obj
c:\users\dilki\desktop\sr_team\trunk\srteam_project\client\default\debug\client_player.obj
c:\users\dilki\desktop\sr_team\trunk\srteam_project\client\default\debug\client_terrain.obj
c:\users\dilki\desktop\sr_team\trunk\srteam_project\client\default\debug\client_ui.obj
c:\users\dilki\desktop\sr_team\trunk\srteam_project\client\default\debug\collisionmgr.obj
c:\users\dilki\desktop\sr_team\trunk\srteam_project\client\default\debug\dynamic_camera.obj
c:\users\dilki\desktop\sr_team\trunk\srteam_project\client\default\debug\face.obj
c:\users\dilki\desktop\sr_team\trunk\srteam_project\client\default\debug\gamemenu.obj
c:\users\dilki\desktop\sr_team\trunk\srteam_project\client\default\debug\hit.obj
c:\users\dilki\desktop\sr_team\trunk\srteam_project\client\default\debug\item.obj
c:\users\dilki\desktop\sr_team\trunk\srteam_project\client\default\debug\logo.obj
c:\users\dilki\desktop\sr_team\trunk\srteam_project\client\default\debug\maingame.obj
c:\users\dilki\desktop\sr_team\trunk\srteam_project\client\default\debug\map_object.obj
c:\users\dilki\desktop\sr_team\trunk\srteam_project\client\default\debug\minifont.obj
c:\users\dilki\desktop\sr_team\trunk\srteam_project\client\default\debug\monster_afrit.obj
c:\users\dilki\desktop\sr_team\trunk\srteam_project\client\default\debug\back_logo.obj
c:\users\dilki\desktop\sr_team\trunk\srteam_project\client\default\debug\bfg_effect.obj
c:\users\dilki\desktop\sr_team\trunk\srteam_project\client\default\debug\bfg_splash.obj
c:\users\dilki\desktop\sr_team\trunk\srteam_project\client\default\debug\boss_bullet_collision.obj
c:\users\dilki\desktop\sr_team\trunk\srteam_project\client\default\debug\bullet_basic.obj
c:\users\dilki\desktop\sr_team\trunk\srteam_project\client\default\debug\monster_elemental.obj
c:\users\dilki\desktop\sr_team\trunk\srteam_project\client\default\debug\monster_elemental_bullet_collision.obj
c:\users\dilki\desktop\sr_team\trunk\srteam_project\client\default\debug\monster_normalsordier.obj
c:\users\dilki\desktop\sr_team\trunk\srteam_project\client\default\debug\monater_normalsordier_bullet_collision.obj
c:\users\dilki\desktop\sr_team\trunk\srteam_project\client\bin\client.lib
c:\users\dilki\desktop\sr_team\trunk\srteam_project\client\bin\client.exp
=======
c:\users\dilki\desktop\sr_team\trunk\srteam_project\client\default\debug\client.pch
c:\users\dilki\desktop\sr_team\trunk\srteam_project\client\default\debug\vc140.pdb
c:\users\dilki\desktop\sr_team\trunk\srteam_project\client\default\debug\vc140.idb
c:\users\dilki\desktop\sr_team\trunk\srteam_project\client\default\debug\stdafx.obj
c:\users\dilki\desktop\sr_team\trunk\srteam_project\client\default\debug\monster_elemental.obj
c:\users\dilki\desktop\sr_team\trunk\srteam_project\client\default\debug\monster_elemental_bullet_collision.obj
c:\users\dilki\desktop\sr_team\trunk\srteam_project\client\default\debug\monster_imp.obj
c:\users\dilki\desktop\sr_team\trunk\srteam_project\client\default\debug\monster_imp_bullet_collision.obj
c:\users\dilki\desktop\sr_team\trunk\srteam_project\client\default\debug\monster_normalsordier.obj
c:\users\dilki\desktop\sr_team\trunk\srteam_project\client\default\debug\monster_sergeant.obj
c:\users\dilki\desktop\sr_team\trunk\srteam_project\client\default\debug\monster_sergeant_bullet_collision.obj
c:\users\dilki\desktop\sr_team\trunk\srteam_project\client\default\debug\nomalfont.obj
c:\users\dilki\desktop\sr_team\trunk\srteam_project\client\default\debug\plasma_effect.obj
c:\users\dilki\desktop\sr_team\trunk\srteam_project\client\default\debug\scene.obj
c:\users\dilki\desktop\sr_team\trunk\srteam_project\client\default\debug\scenemgr.obj
c:\users\dilki\desktop\sr_team\trunk\srteam_project\client\default\debug\sky.obj
c:\users\dilki\desktop\sr_team\trunk\srteam_project\client\default\debug\stage1.obj
c:\users\dilki\desktop\sr_team\trunk\srteam_project\client\default\debug\stage1_boss.obj
c:\users\dilki\desktop\sr_team\trunk\srteam_project\client\default\debug\stage2.obj
c:\users\dilki\desktop\sr_team\trunk\srteam_project\client\default\debug\stage3.obj
c:\users\dilki\desktop\sr_team\trunk\srteam_project\client\default\debug\static_camera.obj
c:\users\dilki\desktop\sr_team\trunk\srteam_project\client\default\debug\wall_cube.obj
c:\users\dilki\desktop\sr_team\trunk\srteam_project\client\default\debug\yellow_ui.obj
c:\users\dilki\desktop\sr_team\trunk\srteam_project\client\default\debug\client.obj
c:\users\dilki\desktop\sr_team\trunk\srteam_project\client\default\debug\client_player.obj
c:\users\dilki\desktop\sr_team\trunk\srteam_project\client\default\debug\client_terrain.obj
c:\users\dilki\desktop\sr_team\trunk\srteam_project\client\default\debug\client_ui.obj
c:\users\dilki\desktop\sr_team\trunk\srteam_project\client\default\debug\collisionmgr.obj
c:\users\dilki\desktop\sr_team\trunk\srteam_project\client\default\debug\dynamic_camera.obj
c:\users\dilki\desktop\sr_team\trunk\srteam_project\client\default\debug\effect_shotgun.obj
c:\users\dilki\desktop\sr_team\trunk\srteam_project\client\default\debug\face.obj
c:\users\dilki\desktop\sr_team\trunk\srteam_project\client\default\debug\gamemenu.obj
c:\users\dilki\desktop\sr_team\trunk\srteam_project\client\default\debug\hit.obj
c:\users\dilki\desktop\sr_team\trunk\srteam_project\client\default\debug\hit_effect.obj
c:\users\dilki\desktop\sr_team\trunk\srteam_project\client\default\debug\item.obj
c:\users\dilki\desktop\sr_team\trunk\srteam_project\client\default\debug\logo.obj
c:\users\dilki\desktop\sr_team\trunk\srteam_project\client\default\debug\maingame.obj
c:\users\dilki\desktop\sr_team\trunk\srteam_project\client\default\debug\map_object.obj
c:\users\dilki\desktop\sr_team\trunk\srteam_project\client\default\debug\minifont.obj
c:\users\dilki\desktop\sr_team\trunk\srteam_project\client\default\debug\monater_normalsordier_bullet_collision.obj
c:\users\dilki\desktop\sr_team\trunk\srteam_project\client\default\debug\monster_afrit.obj
c:\users\dilki\desktop\sr_team\trunk\srteam_project\client\default\debug\monster_baron.obj
c:\users\dilki\desktop\sr_team\trunk\srteam_project\client\default\debug\monster_deco.obj
c:\users\dilki\desktop\sr_team\trunk\srteam_project\client\default\debug\monster_demon.obj
c:\users\dilki\desktop\sr_team\trunk\srteam_project\client\default\debug\back_logo.obj
c:\users\dilki\desktop\sr_team\trunk\srteam_project\client\default\debug\bfg_effect.obj
c:\users\dilki\desktop\sr_team\trunk\srteam_project\client\default\debug\bfg_splash.obj
c:\users\dilki\desktop\sr_team\trunk\srteam_project\client\default\debug\boss_bullet_collision.obj
c:\users\dilki\desktop\sr_team\trunk\srteam_project\client\default\debug\bullet_basic.obj
c:\users\dilki\desktop\sr_team\trunk\srteam_project\client\default\debug\bullet_bfg.obj
c:\users\dilki\desktop\sr_team\trunk\srteam_project\client\default\debug\bullet_chaingun.obj
c:\users\dilki\desktop\sr_team\trunk\srteam_project\client\default\debug\bullet_plasma.obj
c:\users\dilki\desktop\sr_team\trunk\srteam_project\client\default\debug\bullet_shotgun.obj
c:\users\dilki\desktop\sr_team\trunk\srteam_project\client\default\debug\client_button.obj
c:\users\dilki\desktop\sr_team\trunk\srteam_project\client\default\debug\client_menu.obj
c:\users\dilki\desktop\sr_team\trunk\srteam_project\client\bin\client.lib
c:\users\dilki\desktop\sr_team\trunk\srteam_project\client\bin\client.exp
>>>>>>> .r156
c:\users\dilki\desktop\sr_team\trunk\srteam_project\client\bin\client.ilk
c:\users\dilki\desktop\sr_team\trunk\srteam_project\client\bin\client.exe
c:\users\dilki\desktop\sr_team\trunk\srteam_project\client\bin\client.pdb
c:\users\dilki\desktop\sr_team\trunk\srteam_project\client\default\debug\client.res
c:\users\ksb\desktop\76th_srteamb\trunk\srteam_project\client\default\debug\client.vcxprojresolveassemblyreference.cache
c:\users\ksb\desktop\76th_srteamb\trunk\srteam_project\client\default\debug\monater_normalsordier_bullet_collision.obj
c:\users\ksb\desktop\76th_srteamb\trunk\srteam_project\client\default\debug\monster_elemental.obj
c:\users\ksb\desktop\76th_srteamb\trunk\srteam_project\client\default\debug\monster_elemental_bullet_collision.obj
c:\users\ksb\desktop\76th_srteamb\trunk\srteam_project\client\default\debug\monster_normalsordier.obj
c:\users\ksb\desktop\76th_srteamb\trunk\srteam_project\client\default\debug\monster_sergeant.obj
c:\users\ksb\desktop\76th_srteamb\trunk\srteam_project\client\default\debug\monster_sergeant_bullet_collision.obj
c:\users\ksb\desktop\76th_srteamb\trunk\srteam_project\client\default\debug\client.res
c:\users\ksb\desktop\76th_srteamb\trunk\srteam_project\client\default\..\bin\client.exe
c:\users\ksb\desktop\76th_srteamb\trunk\srteam_project\client\default\debug\client.tlog\cl.command.1.tlog
c:\users\ksb\desktop\76th_srteamb\trunk\srteam_project\client\default\debug\client.tlog\cl.read.1.tlog
c:\users\ksb\desktop\76th_srteamb\trunk\srteam_project\client\default\debug\client.tlog\cl.write.1.tlog
c:\users\ksb\desktop\76th_srteamb\trunk\srteam_project\client\default\debug\client.tlog\client.write.1u.tlog
c:\users\ksb\desktop\76th_srteamb\trunk\srteam_project\client\default\debug\client.tlog\link.command.1.tlog
c:\users\ksb\desktop\76th_srteamb\trunk\srteam_project\client\default\debug\client.tlog\link.read.1.tlog
c:\users\ksb\desktop\76th_srteamb\trunk\srteam_project\client\default\debug\client.tlog\link.write.1.tlog
c:\users\ksb\desktop\76th_srteamb\trunk\srteam_project\client\default\debug\client.tlog\rc.command.1.tlog
c:\users\ksb\desktop\76th_srteamb\trunk\srteam_project\client\default\debug\client.tlog\rc.read.1.tlog
c:\users\ksb\desktop\76th_srteamb\trunk\srteam_project\client\default\debug\client.tlog\rc.write.1.tlog
=======
c:\users\osm\desktop\76th_srteamb\trunk\srteam_project\client\default\debug\client.pch
c:\users\osm\desktop\76th_srteamb\trunk\srteam_project\client\default\debug\vc140.pdb
c:\users\osm\desktop\76th_srteamb\trunk\srteam_project\client\default\debug\vc140.idb
c:\users\osm\desktop\76th_srteamb\trunk\srteam_project\client\default\debug\stdafx.obj
c:\users\osm\desktop\76th_srteamb\trunk\srteam_project\client\default\debug\monster_elemental_bullet_collision.obj
c:\users\osm\desktop\76th_srteamb\trunk\srteam_project\client\default\debug\monster_imp.obj
c:\users\osm\desktop\76th_srteamb\trunk\srteam_project\client\default\debug\monster_imp_bullet_collision.obj
c:\users\osm\desktop\76th_srteamb\trunk\srteam_project\client\default\debug\monster_normalsordier.obj
c:\users\osm\desktop\76th_srteamb\trunk\srteam_project\client\default\debug\monster_sergeant.obj
c:\users\osm\desktop\76th_srteamb\trunk\srteam_project\client\default\debug\monster_sergeant_bullet_collision.obj
c:\users\osm\desktop\76th_srteamb\trunk\srteam_project\client\default\debug\nomalfont.obj
c:\users\osm\desktop\76th_srteamb\trunk\srteam_project\client\default\debug\plasma_effect.obj
c:\users\osm\desktop\76th_srteamb\trunk\srteam_project\client\default\debug\scene.obj
c:\users\osm\desktop\76th_srteamb\trunk\srteam_project\client\default\debug\scenemgr.obj
c:\users\osm\desktop\76th_srteamb\trunk\srteam_project\client\default\debug\sky.obj
c:\users\osm\desktop\76th_srteamb\trunk\srteam_project\client\default\debug\stage1.obj
c:\users\osm\desktop\76th_srteamb\trunk\srteam_project\client\default\debug\stage1_boss.obj
c:\users\osm\desktop\76th_srteamb\trunk\srteam_project\client\default\debug\stage2.obj
c:\users\osm\desktop\76th_srteamb\trunk\srteam_project\client\default\debug\stage2_boss.obj
c:\users\osm\desktop\76th_srteamb\trunk\srteam_project\client\default\debug\stage3.obj
c:\users\osm\desktop\76th_srteamb\trunk\srteam_project\client\default\debug\static_camera.obj
c:\users\osm\desktop\76th_srteamb\trunk\srteam_project\client\default\debug\wall_cube.obj
c:\users\osm\desktop\76th_srteamb\trunk\srteam_project\client\default\debug\yellow_ui.obj
c:\users\osm\desktop\76th_srteamb\trunk\srteam_project\client\default\debug\client.obj
c:\users\osm\desktop\76th_srteamb\trunk\srteam_project\client\default\debug\client_menu.obj
c:\users\osm\desktop\76th_srteamb\trunk\srteam_project\client\default\debug\client_player.obj
c:\users\osm\desktop\76th_srteamb\trunk\srteam_project\client\default\debug\client_terrain.obj
c:\users\osm\desktop\76th_srteamb\trunk\srteam_project\client\default\debug\client_ui.obj
c:\users\osm\desktop\76th_srteamb\trunk\srteam_project\client\default\debug\collisionmgr.obj
c:\users\osm\desktop\76th_srteamb\trunk\srteam_project\client\default\debug\dynamic_camera.obj
c:\users\osm\desktop\76th_srteamb\trunk\srteam_project\client\default\debug\face.obj
c:\users\osm\desktop\76th_srteamb\trunk\srteam_project\client\default\debug\gamemenu.obj
c:\users\osm\desktop\76th_srteamb\trunk\srteam_project\client\default\debug\hit.obj
c:\users\osm\desktop\76th_srteamb\trunk\srteam_project\client\default\debug\item.obj
c:\users\osm\desktop\76th_srteamb\trunk\srteam_project\client\default\debug\logo.obj
c:\users\osm\desktop\76th_srteamb\trunk\srteam_project\client\default\debug\maingame.obj
c:\users\osm\desktop\76th_srteamb\trunk\srteam_project\client\default\debug\map_object.obj
c:\users\osm\desktop\76th_srteamb\trunk\srteam_project\client\default\debug\minifont.obj
c:\users\osm\desktop\76th_srteamb\trunk\srteam_project\client\default\debug\monater_normalsordier_bullet_collision.obj
c:\users\osm\desktop\76th_srteamb\trunk\srteam_project\client\default\debug\monster_afrit.obj
c:\users\osm\desktop\76th_srteamb\trunk\srteam_project\client\default\debug\monster_baron.obj
c:\users\osm\desktop\76th_srteamb\trunk\srteam_project\client\default\debug\monster_deco.obj
c:\users\osm\desktop\76th_srteamb\trunk\srteam_project\client\default\debug\monster_demon.obj
c:\users\osm\desktop\76th_srteamb\trunk\srteam_project\client\default\debug\monster_elemental.obj
c:\users\osm\desktop\76th_srteamb\trunk\srteam_project\client\default\debug\back_logo.obj
c:\users\osm\desktop\76th_srteamb\trunk\srteam_project\client\default\debug\bfg_effect.obj
c:\users\osm\desktop\76th_srteamb\trunk\srteam_project\client\default\debug\bfg_splash.obj
c:\users\osm\desktop\76th_srteamb\trunk\srteam_project\client\default\debug\boss_bullet_collision.obj
c:\users\osm\desktop\76th_srteamb\trunk\srteam_project\client\default\debug\bullet_basic.obj
c:\users\osm\desktop\76th_srteamb\trunk\srteam_project\client\default\debug\bullet_bfg.obj
c:\users\osm\desktop\76th_srteamb\trunk\srteam_project\client\default\debug\bullet_chaingun.obj
c:\users\osm\desktop\76th_srteamb\trunk\srteam_project\client\default\debug\bullet_plasma.obj
c:\users\osm\desktop\76th_srteamb\trunk\srteam_project\client\default\debug\bullet_shotgun.obj
c:\users\osm\desktop\76th_srteamb\trunk\srteam_project\client\default\debug\client_button.obj
c:\users\osm\desktop\76th_srteamb\trunk\srteam_project\client\default\debug\boss_bullet_collision1.obj
c:\users\osm\desktop\76th_srteamb\trunk\srteam_project\client\default\debug\boss_bullet_collision2.obj
c:\users\osm\desktop\76th_srteamb\trunk\srteam_project\client\default\debug\effect_shotgun.obj
c:\users\osm\desktop\76th_srteamb\trunk\srteam_project\client\default\debug\hit_effect.obj
c:\users\osm\desktop\76th_srteamb\trunk\srteam_project\client\default\debug\monster_afrit_bullet_collision.obj
c:\users\osm\desktop\76th_srteamb\trunk\srteam_project\client\default\debug\monster_baron_bullet_collision.obj
c:\users\osm\desktop\76th_srteamb\trunk\srteam_project\client\default\debug\monster_deco_bullet_collision.obj
c:\users\osm\desktop\76th_srteamb\trunk\srteam_project\client\bin\client.lib
c:\users\osm\desktop\76th_srteamb\trunk\srteam_project\client\bin\client.exp
c:\users\osm\desktop\76th_srteamb\trunk\srteam_project\client\bin\client.ilk
c:\users\osm\desktop\76th_srteamb\trunk\srteam_project\client\bin\client.exe
c:\users\osm\desktop\76th_srteamb\trunk\srteam_project\client\bin\client.pdb
c:\users\osm\desktop\76th_srteamb\trunk\srteam_project\client\default\debug\client.res
c:\users\osm\desktop\76th_srteamb\trunk\srteam_project\client\default\debug\client.vcxprojresolveassemblyreference.cache
c:\users\osm\desktop\76th_srteamb\trunk\srteam_project\client\default\..\bin\client.exe
c:\users\osm\desktop\76th_srteamb\trunk\srteam_project\client\default\debug\client.tlog\cl.command.1.tlog
c:\users\osm\desktop\76th_srteamb\trunk\srteam_project\client\default\debug\client.tlog\cl.read.1.tlog
c:\users\osm\desktop\76th_srteamb\trunk\srteam_project\client\default\debug\client.tlog\cl.write.1.tlog
c:\users\osm\desktop\76th_srteamb\trunk\srteam_project\client\default\debug\client.tlog\client.write.1u.tlog
c:\users\osm\desktop\76th_srteamb\trunk\srteam_project\client\default\debug\client.tlog\link.command.1.tlog
c:\users\osm\desktop\76th_srteamb\trunk\srteam_project\client\default\debug\client.tlog\link.read.1.tlog
c:\users\osm\desktop\76th_srteamb\trunk\srteam_project\client\default\debug\client.tlog\link.write.1.tlog
c:\users\osm\desktop\76th_srteamb\trunk\srteam_project\client\default\debug\client.tlog\rc.command.1.tlog
c:\users\osm\desktop\76th_srteamb\trunk\srteam_project\client\default\debug\client.tlog\rc.read.1.tlog
c:\users\osm\desktop\76th_srteamb\trunk\srteam_project\client\default\debug\client.tlog\rc.write.1.tlog
>>>>>>> .r159
=======
||||||| .r158
<<<<<<< .mine
c:\users\ksb\desktop\76th_srteamb\trunk\srteam_project\client\default\debug\client.pch
c:\users\ksb\desktop\76th_srteamb\trunk\srteam_project\client\default\debug\vc140.pdb
c:\users\ksb\desktop\76th_srteamb\trunk\srteam_project\client\default\debug\vc140.idb
c:\users\ksb\desktop\76th_srteamb\trunk\srteam_project\client\default\debug\stdafx.obj
c:\users\ksb\desktop\76th_srteamb\trunk\srteam_project\client\default\debug\minifont.obj
c:\users\ksb\desktop\76th_srteamb\trunk\srteam_project\client\default\debug\monster_afrit.obj
c:\users\ksb\desktop\76th_srteamb\trunk\srteam_project\client\default\debug\monster_baron.obj
c:\users\ksb\desktop\76th_srteamb\trunk\srteam_project\client\default\debug\monster_deco.obj
c:\users\ksb\desktop\76th_srteamb\trunk\srteam_project\client\default\debug\monster_demon.obj
c:\users\ksb\desktop\76th_srteamb\trunk\srteam_project\client\default\debug\monster_imp.obj
c:\users\ksb\desktop\76th_srteamb\trunk\srteam_project\client\default\debug\monster_imp_bullet_collision.obj
c:\users\ksb\desktop\76th_srteamb\trunk\srteam_project\client\default\debug\nomalfont.obj
c:\users\ksb\desktop\76th_srteamb\trunk\srteam_project\client\default\debug\plasma_effect.obj
c:\users\ksb\desktop\76th_srteamb\trunk\srteam_project\client\default\debug\scene.obj
c:\users\ksb\desktop\76th_srteamb\trunk\srteam_project\client\default\debug\scenemgr.obj
c:\users\ksb\desktop\76th_srteamb\trunk\srteam_project\client\default\debug\sky.obj
c:\users\ksb\desktop\76th_srteamb\trunk\srteam_project\client\default\debug\stage1.obj
c:\users\ksb\desktop\76th_srteamb\trunk\srteam_project\client\default\debug\stage1_boss.obj
c:\users\ksb\desktop\76th_srteamb\trunk\srteam_project\client\default\debug\stage2.obj
c:\users\ksb\desktop\76th_srteamb\trunk\srteam_project\client\default\debug\stage3.obj
c:\users\ksb\desktop\76th_srteamb\trunk\srteam_project\client\default\debug\static_camera.obj
c:\users\ksb\desktop\76th_srteamb\trunk\srteam_project\client\default\debug\wall_cube.obj
c:\users\ksb\desktop\76th_srteamb\trunk\srteam_project\client\default\debug\yellow_ui.obj
c:\users\ksb\desktop\76th_srteamb\trunk\srteam_project\client\default\debug\client.obj
c:\users\ksb\desktop\76th_srteamb\trunk\srteam_project\client\default\debug\boss_bullet_collision.obj
c:\users\ksb\desktop\76th_srteamb\trunk\srteam_project\client\default\debug\bullet_basic.obj
c:\users\ksb\desktop\76th_srteamb\trunk\srteam_project\client\default\debug\bullet_bfg.obj
c:\users\ksb\desktop\76th_srteamb\trunk\srteam_project\client\default\debug\bullet_chaingun.obj
c:\users\ksb\desktop\76th_srteamb\trunk\srteam_project\client\default\debug\bullet_plasma.obj
c:\users\ksb\desktop\76th_srteamb\trunk\srteam_project\client\default\debug\bullet_shotgun.obj
c:\users\ksb\desktop\76th_srteamb\trunk\srteam_project\client\default\debug\client_button.obj
c:\users\ksb\desktop\76th_srteamb\trunk\srteam_project\client\default\debug\client_menu.obj
c:\users\ksb\desktop\76th_srteamb\trunk\srteam_project\client\default\debug\client_player.obj
c:\users\ksb\desktop\76th_srteamb\trunk\srteam_project\client\default\debug\client_terrain.obj
c:\users\ksb\desktop\76th_srteamb\trunk\srteam_project\client\default\debug\client_ui.obj
c:\users\ksb\desktop\76th_srteamb\trunk\srteam_project\client\default\debug\collisionmgr.obj
c:\users\ksb\desktop\76th_srteamb\trunk\srteam_project\client\default\debug\dynamic_camera.obj
c:\users\ksb\desktop\76th_srteamb\trunk\srteam_project\client\default\debug\face.obj
c:\users\ksb\desktop\76th_srteamb\trunk\srteam_project\client\default\debug\gamemenu.obj
c:\users\ksb\desktop\76th_srteamb\trunk\srteam_project\client\default\debug\hit.obj
c:\users\ksb\desktop\76th_srteamb\trunk\srteam_project\client\default\debug\item.obj
c:\users\ksb\desktop\76th_srteamb\trunk\srteam_project\client\default\debug\logo.obj
c:\users\ksb\desktop\76th_srteamb\trunk\srteam_project\client\default\debug\maingame.obj
c:\users\ksb\desktop\76th_srteamb\trunk\srteam_project\client\default\debug\map_object.obj
c:\users\ksb\desktop\76th_srteamb\trunk\srteam_project\client\default\debug\back_logo.obj
c:\users\ksb\desktop\76th_srteamb\trunk\srteam_project\client\default\debug\bfg_effect.obj
c:\users\ksb\desktop\76th_srteamb\trunk\srteam_project\client\default\debug\bfg_splash.obj
c:\users\ksb\desktop\76th_srteamb\trunk\srteam_project\client\bin\client.lib
c:\users\ksb\desktop\76th_srteamb\trunk\srteam_project\client\bin\client.exp
||||||| .r151
c:\users\dilki\desktop\sr_team\trunk\srteam_project\client\default\debug\client.pch
c:\users\dilki\desktop\sr_team\trunk\srteam_project\client\default\debug\vc140.pdb
c:\users\dilki\desktop\sr_team\trunk\srteam_project\client\default\debug\vc140.idb
c:\users\dilki\desktop\sr_team\trunk\srteam_project\client\default\debug\stdafx.obj
c:\users\dilki\desktop\sr_team\trunk\srteam_project\client\default\debug\monster_baron.obj
c:\users\dilki\desktop\sr_team\trunk\srteam_project\client\default\debug\monster_deco.obj
c:\users\dilki\desktop\sr_team\trunk\srteam_project\client\default\debug\monster_demon.obj
c:\users\dilki\desktop\sr_team\trunk\srteam_project\client\default\debug\monster_imp.obj
c:\users\dilki\desktop\sr_team\trunk\srteam_project\client\default\debug\monster_imp_bullet_collision.obj
c:\users\dilki\desktop\sr_team\trunk\srteam_project\client\default\debug\monster_sergeant.obj
c:\users\dilki\desktop\sr_team\trunk\srteam_project\client\default\debug\monster_sergeant_bullet_collision.obj
c:\users\dilki\desktop\sr_team\trunk\srteam_project\client\default\debug\nomalfont.obj
c:\users\dilki\desktop\sr_team\trunk\srteam_project\client\default\debug\plasma_effect.obj
c:\users\dilki\desktop\sr_team\trunk\srteam_project\client\default\debug\scene.obj
c:\users\dilki\desktop\sr_team\trunk\srteam_project\client\default\debug\scenemgr.obj
c:\users\dilki\desktop\sr_team\trunk\srteam_project\client\default\debug\sky.obj
c:\users\dilki\desktop\sr_team\trunk\srteam_project\client\default\debug\stage1.obj
c:\users\dilki\desktop\sr_team\trunk\srteam_project\client\default\debug\stage1_boss.obj
c:\users\dilki\desktop\sr_team\trunk\srteam_project\client\default\debug\stage2.obj
c:\users\dilki\desktop\sr_team\trunk\srteam_project\client\default\debug\stage3.obj
c:\users\dilki\desktop\sr_team\trunk\srteam_project\client\default\debug\static_camera.obj
c:\users\dilki\desktop\sr_team\trunk\srteam_project\client\default\debug\wall_cube.obj
c:\users\dilki\desktop\sr_team\trunk\srteam_project\client\default\debug\yellow_ui.obj
c:\users\dilki\desktop\sr_team\trunk\srteam_project\client\default\debug\client.obj
c:\users\dilki\desktop\sr_team\trunk\srteam_project\client\default\debug\bullet_bfg.obj
c:\users\dilki\desktop\sr_team\trunk\srteam_project\client\default\debug\bullet_chaingun.obj
c:\users\dilki\desktop\sr_team\trunk\srteam_project\client\default\debug\bullet_plasma.obj
c:\users\dilki\desktop\sr_team\trunk\srteam_project\client\default\debug\bullet_shotgun.obj
c:\users\dilki\desktop\sr_team\trunk\srteam_project\client\default\debug\client_button.obj
c:\users\dilki\desktop\sr_team\trunk\srteam_project\client\default\debug\client_menu.obj
c:\users\dilki\desktop\sr_team\trunk\srteam_project\client\default\debug\client_player.obj
c:\users\dilki\desktop\sr_team\trunk\srteam_project\client\default\debug\client_terrain.obj
c:\users\dilki\desktop\sr_team\trunk\srteam_project\client\default\debug\client_ui.obj
c:\users\dilki\desktop\sr_team\trunk\srteam_project\client\default\debug\collisionmgr.obj
c:\users\dilki\desktop\sr_team\trunk\srteam_project\client\default\debug\dynamic_camera.obj
c:\users\dilki\desktop\sr_team\trunk\srteam_project\client\default\debug\face.obj
c:\users\dilki\desktop\sr_team\trunk\srteam_project\client\default\debug\gamemenu.obj
c:\users\dilki\desktop\sr_team\trunk\srteam_project\client\default\debug\hit.obj
c:\users\dilki\desktop\sr_team\trunk\srteam_project\client\default\debug\item.obj
c:\users\dilki\desktop\sr_team\trunk\srteam_project\client\default\debug\logo.obj
c:\users\dilki\desktop\sr_team\trunk\srteam_project\client\default\debug\maingame.obj
c:\users\dilki\desktop\sr_team\trunk\srteam_project\client\default\debug\map_object.obj
c:\users\dilki\desktop\sr_team\trunk\srteam_project\client\default\debug\minifont.obj
c:\users\dilki\desktop\sr_team\trunk\srteam_project\client\default\debug\monster_afrit.obj
c:\users\dilki\desktop\sr_team\trunk\srteam_project\client\default\debug\back_logo.obj
c:\users\dilki\desktop\sr_team\trunk\srteam_project\client\default\debug\bfg_effect.obj
c:\users\dilki\desktop\sr_team\trunk\srteam_project\client\default\debug\bfg_splash.obj
c:\users\dilki\desktop\sr_team\trunk\srteam_project\client\default\debug\boss_bullet_collision.obj
c:\users\dilki\desktop\sr_team\trunk\srteam_project\client\default\debug\bullet_basic.obj
c:\users\dilki\desktop\sr_team\trunk\srteam_project\client\default\debug\monster_elemental.obj
c:\users\dilki\desktop\sr_team\trunk\srteam_project\client\default\debug\monster_elemental_bullet_collision.obj
c:\users\dilki\desktop\sr_team\trunk\srteam_project\client\default\debug\monster_normalsordier.obj
c:\users\dilki\desktop\sr_team\trunk\srteam_project\client\default\debug\monater_normalsordier_bullet_collision.obj
c:\users\dilki\desktop\sr_team\trunk\srteam_project\client\bin\client.lib
c:\users\dilki\desktop\sr_team\trunk\srteam_project\client\bin\client.exp
=======
c:\users\dilki\desktop\sr_team\trunk\srteam_project\client\default\debug\client.pch
c:\users\dilki\desktop\sr_team\trunk\srteam_project\client\default\debug\vc140.pdb
c:\users\dilki\desktop\sr_team\trunk\srteam_project\client\default\debug\vc140.idb
c:\users\dilki\desktop\sr_team\trunk\srteam_project\client\default\debug\stdafx.obj
c:\users\dilki\desktop\sr_team\trunk\srteam_project\client\default\debug\monster_elemental.obj
c:\users\dilki\desktop\sr_team\trunk\srteam_project\client\default\debug\monster_elemental_bullet_collision.obj
c:\users\dilki\desktop\sr_team\trunk\srteam_project\client\default\debug\monster_imp.obj
c:\users\dilki\desktop\sr_team\trunk\srteam_project\client\default\debug\monster_imp_bullet_collision.obj
c:\users\dilki\desktop\sr_team\trunk\srteam_project\client\default\debug\monster_normalsordier.obj
c:\users\dilki\desktop\sr_team\trunk\srteam_project\client\default\debug\monster_sergeant.obj
c:\users\dilki\desktop\sr_team\trunk\srteam_project\client\default\debug\monster_sergeant_bullet_collision.obj
c:\users\dilki\desktop\sr_team\trunk\srteam_project\client\default\debug\nomalfont.obj
c:\users\dilki\desktop\sr_team\trunk\srteam_project\client\default\debug\plasma_effect.obj
c:\users\dilki\desktop\sr_team\trunk\srteam_project\client\default\debug\scene.obj
c:\users\dilki\desktop\sr_team\trunk\srteam_project\client\default\debug\scenemgr.obj
c:\users\dilki\desktop\sr_team\trunk\srteam_project\client\default\debug\sky.obj
c:\users\dilki\desktop\sr_team\trunk\srteam_project\client\default\debug\stage1.obj
c:\users\dilki\desktop\sr_team\trunk\srteam_project\client\default\debug\stage1_boss.obj
c:\users\dilki\desktop\sr_team\trunk\srteam_project\client\default\debug\stage2.obj
c:\users\dilki\desktop\sr_team\trunk\srteam_project\client\default\debug\stage3.obj
c:\users\dilki\desktop\sr_team\trunk\srteam_project\client\default\debug\static_camera.obj
c:\users\dilki\desktop\sr_team\trunk\srteam_project\client\default\debug\wall_cube.obj
c:\users\dilki\desktop\sr_team\trunk\srteam_project\client\default\debug\yellow_ui.obj
c:\users\dilki\desktop\sr_team\trunk\srteam_project\client\default\debug\client.obj
c:\users\dilki\desktop\sr_team\trunk\srteam_project\client\default\debug\client_player.obj
c:\users\dilki\desktop\sr_team\trunk\srteam_project\client\default\debug\client_terrain.obj
c:\users\dilki\desktop\sr_team\trunk\srteam_project\client\default\debug\client_ui.obj
c:\users\dilki\desktop\sr_team\trunk\srteam_project\client\default\debug\collisionmgr.obj
c:\users\dilki\desktop\sr_team\trunk\srteam_project\client\default\debug\dynamic_camera.obj
c:\users\dilki\desktop\sr_team\trunk\srteam_project\client\default\debug\effect_shotgun.obj
c:\users\dilki\desktop\sr_team\trunk\srteam_project\client\default\debug\face.obj
c:\users\dilki\desktop\sr_team\trunk\srteam_project\client\default\debug\gamemenu.obj
c:\users\dilki\desktop\sr_team\trunk\srteam_project\client\default\debug\hit.obj
c:\users\dilki\desktop\sr_team\trunk\srteam_project\client\default\debug\hit_effect.obj
c:\users\dilki\desktop\sr_team\trunk\srteam_project\client\default\debug\item.obj
c:\users\dilki\desktop\sr_team\trunk\srteam_project\client\default\debug\logo.obj
c:\users\dilki\desktop\sr_team\trunk\srteam_project\client\default\debug\maingame.obj
c:\users\dilki\desktop\sr_team\trunk\srteam_project\client\default\debug\map_object.obj
c:\users\dilki\desktop\sr_team\trunk\srteam_project\client\default\debug\minifont.obj
c:\users\dilki\desktop\sr_team\trunk\srteam_project\client\default\debug\monater_normalsordier_bullet_collision.obj
c:\users\dilki\desktop\sr_team\trunk\srteam_project\client\default\debug\monster_afrit.obj
c:\users\dilki\desktop\sr_team\trunk\srteam_project\client\default\debug\monster_baron.obj
c:\users\dilki\desktop\sr_team\trunk\srteam_project\client\default\debug\monster_deco.obj
c:\users\dilki\desktop\sr_team\trunk\srteam_project\client\default\debug\monster_demon.obj
c:\users\dilki\desktop\sr_team\trunk\srteam_project\client\default\debug\back_logo.obj
c:\users\dilki\desktop\sr_team\trunk\srteam_project\client\default\debug\bfg_effect.obj
c:\users\dilki\desktop\sr_team\trunk\srteam_project\client\default\debug\bfg_splash.obj
c:\users\dilki\desktop\sr_team\trunk\srteam_project\client\default\debug\boss_bullet_collision.obj
c:\users\dilki\desktop\sr_team\trunk\srteam_project\client\default\debug\bullet_basic.obj
c:\users\dilki\desktop\sr_team\trunk\srteam_project\client\default\debug\bullet_bfg.obj
c:\users\dilki\desktop\sr_team\trunk\srteam_project\client\default\debug\bullet_chaingun.obj
c:\users\dilki\desktop\sr_team\trunk\srteam_project\client\default\debug\bullet_plasma.obj
c:\users\dilki\desktop\sr_team\trunk\srteam_project\client\default\debug\bullet_shotgun.obj
c:\users\dilki\desktop\sr_team\trunk\srteam_project\client\default\debug\client_button.obj
c:\users\dilki\desktop\sr_team\trunk\srteam_project\client\default\debug\client_menu.obj
c:\users\dilki\desktop\sr_team\trunk\srteam_project\client\bin\client.lib
c:\users\dilki\desktop\sr_team\trunk\srteam_project\client\bin\client.exp
>>>>>>> .r156
c:\users\dilki\desktop\sr_team\trunk\srteam_project\client\bin\client.ilk
c:\users\dilki\desktop\sr_team\trunk\srteam_project\client\bin\client.exe
c:\users\dilki\desktop\sr_team\trunk\srteam_project\client\bin\client.pdb
c:\users\dilki\desktop\sr_team\trunk\srteam_project\client\default\debug\client.res
c:\users\ksb\desktop\76th_srteamb\trunk\srteam_project\client\default\debug\client.vcxprojresolveassemblyreference.cache
c:\users\ksb\desktop\76th_srteamb\trunk\srteam_project\client\default\debug\monater_normalsordier_bullet_collision.obj
c:\users\ksb\desktop\76th_srteamb\trunk\srteam_project\client\default\debug\monster_elemental.obj
c:\users\ksb\desktop\76th_srteamb\trunk\srteam_project\client\default\debug\monster_elemental_bullet_collision.obj
c:\users\ksb\desktop\76th_srteamb\trunk\srteam_project\client\default\debug\monster_normalsordier.obj
c:\users\ksb\desktop\76th_srteamb\trunk\srteam_project\client\default\debug\monster_sergeant.obj
c:\users\ksb\desktop\76th_srteamb\trunk\srteam_project\client\default\debug\monster_sergeant_bullet_collision.obj
c:\users\ksb\desktop\76th_srteamb\trunk\srteam_project\client\default\debug\client.res
=======
c:\users\osm\desktop\76th_srteamb\trunk\srteam_project\client\default\debug\client_menu.obj
c:\users\osm\desktop\76th_srteamb\trunk\srteam_project\client\default\debug\client_player.obj
c:\users\osm\desktop\76th_srteamb\trunk\srteam_project\client\default\debug\client_terrain.obj
c:\users\osm\desktop\76th_srteamb\trunk\srteam_project\client\default\debug\client_ui.obj
c:\users\osm\desktop\76th_srteamb\trunk\srteam_project\client\default\debug\collisionmgr.obj
c:\users\osm\desktop\76th_srteamb\trunk\srteam_project\client\bin\client.lib
c:\users\osm\desktop\76th_srteamb\trunk\srteam_project\client\bin\client.exp
c:\users\dilki\desktop\sr_team\trunk\srteam_project\client\bin\client.ilk
c:\users\dilki\desktop\sr_team\trunk\srteam_project\client\bin\client.exe
c:\users\dilki\desktop\sr_team\trunk\srteam_project\client\bin\client.pdb
c:\users\ksb\desktop\76th_srteamb\trunk\srteam_project\client\default\debug\client.res
c:\users\ksb\desktop\76th_srteamb\trunk\srteam_project\client\default\debug\client.vcxprojresolveassemblyreference.cache
c:\users\ksb\desktop\76th_srteamb\trunk\srteam_project\client\default\debug\back_logo.obj
c:\users\ksb\desktop\76th_srteamb\trunk\srteam_project\client\default\debug\bfg_effect.obj
c:\users\ksb\desktop\76th_srteamb\trunk\srteam_project\client\default\debug\bfg_splash.obj
c:\users\ksb\desktop\76th_srteamb\trunk\srteam_project\client\default\debug\boss_bullet_collision.obj
c:\users\ksb\desktop\76th_srteamb\trunk\srteam_project\client\default\debug\boss_bullet_collision1.obj
c:\users\ksb\desktop\76th_srteamb\trunk\srteam_project\client\default\debug\boss_bullet_collision2.obj
c:\users\ksb\desktop\76th_srteamb\trunk\srteam_project\client\default\debug\bullet_basic.obj
c:\users\ksb\desktop\76th_srteamb\trunk\srteam_project\client\default\debug\bullet_bfg.obj
c:\users\ksb\desktop\76th_srteamb\trunk\srteam_project\client\default\debug\bullet_chaingun.obj
c:\users\ksb\desktop\76th_srteamb\trunk\srteam_project\client\default\debug\bullet_plasma.obj
c:\users\ksb\desktop\76th_srteamb\trunk\srteam_project\client\default\debug\bullet_shotgun.obj
c:\users\ksb\desktop\76th_srteamb\trunk\srteam_project\client\default\debug\client.obj
c:\users\ksb\desktop\76th_srteamb\trunk\srteam_project\client\default\debug\client_button.obj
c:\users\ksb\desktop\76th_srteamb\trunk\srteam_project\client\default\debug\client_menu.obj
c:\users\ksb\desktop\76th_srteamb\trunk\srteam_project\client\default\debug\client_player.obj
c:\users\ksb\desktop\76th_srteamb\trunk\srteam_project\client\default\debug\client_terrain.obj
c:\users\ksb\desktop\76th_srteamb\trunk\srteam_project\client\default\debug\client_ui.obj
c:\users\ksb\desktop\76th_srteamb\trunk\srteam_project\client\default\debug\collisionmgr.obj
c:\users\ksb\desktop\76th_srteamb\trunk\srteam_project\client\default\debug\dynamic_camera.obj
c:\users\ksb\desktop\76th_srteamb\trunk\srteam_project\client\default\debug\effect_shotgun.obj
c:\users\ksb\desktop\76th_srteamb\trunk\srteam_project\client\default\debug\face.obj
c:\users\ksb\desktop\76th_srteamb\trunk\srteam_project\client\default\debug\gamemenu.obj
c:\users\ksb\desktop\76th_srteamb\trunk\srteam_project\client\default\debug\hit.obj
c:\users\ksb\desktop\76th_srteamb\trunk\srteam_project\client\default\debug\hit_effect.obj
c:\users\ksb\desktop\76th_srteamb\trunk\srteam_project\client\default\debug\item.obj
c:\users\ksb\desktop\76th_srteamb\trunk\srteam_project\client\default\debug\logo.obj
c:\users\ksb\desktop\76th_srteamb\trunk\srteam_project\client\default\debug\maingame.obj
c:\users\ksb\desktop\76th_srteamb\trunk\srteam_project\client\default\debug\map_object.obj
c:\users\ksb\desktop\76th_srteamb\trunk\srteam_project\client\default\debug\minifont.obj
c:\users\ksb\desktop\76th_srteamb\trunk\srteam_project\client\default\debug\monater_normalsordier_bullet_collision.obj
c:\users\ksb\desktop\76th_srteamb\trunk\srteam_project\client\default\debug\monster_afrit.obj
c:\users\ksb\desktop\76th_srteamb\trunk\srteam_project\client\default\debug\monster_afrit_bullet_collision.obj
c:\users\ksb\desktop\76th_srteamb\trunk\srteam_project\client\default\debug\monster_baron.obj
c:\users\ksb\desktop\76th_srteamb\trunk\srteam_project\client\default\debug\monster_baron_bullet_collision.obj
c:\users\ksb\desktop\76th_srteamb\trunk\srteam_project\client\default\debug\monster_deco.obj
c:\users\ksb\desktop\76th_srteamb\trunk\srteam_project\client\default\debug\monster_deco_bullet_collision.obj
c:\users\ksb\desktop\76th_srteamb\trunk\srteam_project\client\default\debug\monster_demon.obj
c:\users\ksb\desktop\76th_srteamb\trunk\srteam_project\client\default\debug\monster_elemental.obj
c:\users\ksb\desktop\76th_srteamb\trunk\srteam_project\client\default\debug\monster_elemental_bullet_collision.obj
c:\users\ksb\desktop\76th_srteamb\trunk\srteam_project\client\default\debug\monster_imp.obj
c:\users\ksb\desktop\76th_srteamb\trunk\srteam_project\client\default\debug\monster_imp_bullet_collision.obj
c:\users\ksb\desktop\76th_srteamb\trunk\srteam_project\client\default\debug\monster_normalsordier.obj
c:\users\ksb\desktop\76th_srteamb\trunk\srteam_project\client\default\debug\monster_sergeant.obj
c:\users\ksb\desktop\76th_srteamb\trunk\srteam_project\client\default\debug\monster_sergeant_bullet_collision.obj
c:\users\ksb\desktop\76th_srteamb\trunk\srteam_project\client\default\debug\nomalfont.obj
c:\users\ksb\desktop\76th_srteamb\trunk\srteam_project\client\default\debug\plasma_effect.obj
c:\users\ksb\desktop\76th_srteamb\trunk\srteam_project\client\default\debug\scene.obj
c:\users\ksb\desktop\76th_srteamb\trunk\srteam_project\client\default\debug\scenemgr.obj
c:\users\ksb\desktop\76th_srteamb\trunk\srteam_project\client\default\debug\sky.obj
c:\users\ksb\desktop\76th_srteamb\trunk\srteam_project\client\default\debug\soundmgr.obj
c:\users\ksb\desktop\76th_srteamb\trunk\srteam_project\client\default\debug\stage1.obj
c:\users\ksb\desktop\76th_srteamb\trunk\srteam_project\client\default\debug\stage1_boss.obj
c:\users\ksb\desktop\76th_srteamb\trunk\srteam_project\client\default\debug\stage2.obj
c:\users\ksb\desktop\76th_srteamb\trunk\srteam_project\client\default\debug\stage2_boss.obj
c:\users\ksb\desktop\76th_srteamb\trunk\srteam_project\client\default\debug\stage3.obj
c:\users\ksb\desktop\76th_srteamb\trunk\srteam_project\client\default\debug\static_camera.obj
c:\users\ksb\desktop\76th_srteamb\trunk\srteam_project\client\default\debug\stdafx.obj
c:\users\ksb\desktop\76th_srteamb\trunk\srteam_project\client\default\debug\wall_cube.obj
c:\users\ksb\desktop\76th_srteamb\trunk\srteam_project\client\default\debug\yellow_ui.obj
c:\users\ksb\desktop\76th_srteamb\trunk\srteam_project\client\default\debug\stage2_boss.obj.enc
c:\users\ksb\desktop\76th_srteamb\trunk\srteam_project\client\default\debug\client.pch
c:\users\ksb\desktop\76th_srteamb\trunk\srteam_project\client\default\debug\vc140.idb
c:\users\ksb\desktop\76th_srteamb\trunk\srteam_project\client\default\debug\vc140.pdb
>>>>>>> .r172
<<<<<<< .mine
c:\users\osm\desktop\76th_srteamb\trunk\srteam_project\client\default\debug\client.vcxprojresolveassemblyreference.cache
c:\users\osm\desktop\76th_srteamb\trunk\srteam_project\client\default\debug\soundmgr.obj
c:\users\osm\desktop\76th_srteamb\trunk\srteam_project\client\default\debug\stage2_boss.obj.enc
c:\users\osm\desktop\76th_srteamb\trunk\srteam_project\client\default\debug\client.res
c:\users\osm\desktop\76th_srteamb\trunk\srteam_project\client\default\..\bin\client.exe
c:\users\osm\desktop\76th_srteamb\trunk\srteam_project\client\default\debug\client.tlog\cl.command.1.tlog
c:\users\osm\desktop\76th_srteamb\trunk\srteam_project\client\default\debug\client.tlog\cl.read.1.tlog
c:\users\osm\desktop\76th_srteamb\trunk\srteam_project\client\default\debug\client.tlog\cl.write.1.tlog
c:\users\osm\desktop\76th_srteamb\trunk\srteam_project\client\default\debug\client.tlog\client.write.1u.tlog
c:\users\osm\desktop\76th_srteamb\trunk\srteam_project\client\default\debug\client.tlog\link.command.1.tlog
c:\users\osm\desktop\76th_srteamb\trunk\srteam_project\client\default\debug\client.tlog\link.read.1.tlog
c:\users\osm\desktop\76th_srteamb\trunk\srteam_project\client\default\debug\client.tlog\link.write.1.tlog
c:\users\osm\desktop\76th_srteamb\trunk\srteam_project\client\default\debug\client.tlog\rc.command.1.tlog
c:\users\osm\desktop\76th_srteamb\trunk\srteam_project\client\default\debug\client.tlog\rc.read.1.tlog
c:\users\osm\desktop\76th_srteamb\trunk\srteam_project\client\default\debug\client.tlog\rc.write.1.tlog
||||||| .r170
c:\users\ksb\desktop\76th_srteamb\trunk\srteam_project\client\default\..\bin\client.exe
c:\users\ksb\desktop\76th_srteamb\trunk\srteam_project\client\default\debug\client.tlog\cl.command.1.tlog
c:\users\ksb\desktop\76th_srteamb\trunk\srteam_project\client\default\debug\client.tlog\cl.read.1.tlog
c:\users\ksb\desktop\76th_srteamb\trunk\srteam_project\client\default\debug\client.tlog\cl.write.1.tlog
c:\users\ksb\desktop\76th_srteamb\trunk\srteam_project\client\default\debug\client.tlog\client.write.1u.tlog
c:\users\ksb\desktop\76th_srteamb\trunk\srteam_project\client\default\debug\client.tlog\link.command.1.tlog
c:\users\ksb\desktop\76th_srteamb\trunk\srteam_project\client\default\debug\client.tlog\link.read.1.tlog
c:\users\ksb\desktop\76th_srteamb\trunk\srteam_project\client\default\debug\client.tlog\link.write.1.tlog
c:\users\ksb\desktop\76th_srteamb\trunk\srteam_project\client\default\debug\client.tlog\rc.command.1.tlog
c:\users\ksb\desktop\76th_srteamb\trunk\srteam_project\client\default\debug\client.tlog\rc.read.1.tlog
c:\users\ksb\desktop\76th_srteamb\trunk\srteam_project\client\default\debug\client.tlog\rc.write.1.tlog
=======
c:\users\osm\desktop\76th_srteamb\trunk\srteam_project\client\default\debug\client.pch
c:\users\osm\desktop\76th_srteamb\trunk\srteam_project\client\default\debug\vc140.pdb
c:\users\osm\desktop\76th_srteamb\trunk\srteam_project\client\default\debug\vc140.idb
c:\users\osm\desktop\76th_srteamb\trunk\srteam_project\client\default\debug\stdafx.obj
c:\users\osm\desktop\76th_srteamb\trunk\srteam_project\client\default\debug\monster_elemental_bullet_collision.obj
c:\users\osm\desktop\76th_srteamb\trunk\srteam_project\client\default\debug\monster_imp.obj
c:\users\osm\desktop\76th_srteamb\trunk\srteam_project\client\default\debug\monster_imp_bullet_collision.obj
c:\users\osm\desktop\76th_srteamb\trunk\srteam_project\client\default\debug\monster_normalsordier.obj
c:\users\osm\desktop\76th_srteamb\trunk\srteam_project\client\default\debug\monster_sergeant.obj
c:\users\osm\desktop\76th_srteamb\trunk\srteam_project\client\default\debug\monster_sergeant_bullet_collision.obj
c:\users\osm\desktop\76th_srteamb\trunk\srteam_project\client\default\debug\nomalfont.obj
c:\users\osm\desktop\76th_srteamb\trunk\srteam_project\client\default\debug\plasma_effect.obj
c:\users\osm\desktop\76th_srteamb\trunk\srteam_project\client\default\debug\scene.obj
c:\users\osm\desktop\76th_srteamb\trunk\srteam_project\client\default\debug\scenemgr.obj
c:\users\osm\desktop\76th_srteamb\trunk\srteam_project\client\default\debug\sky.obj
c:\users\osm\desktop\76th_srteamb\trunk\srteam_project\client\default\debug\stage1.obj
c:\users\osm\desktop\76th_srteamb\trunk\srteam_project\client\default\debug\stage1_boss.obj
c:\users\osm\desktop\76th_srteamb\trunk\srteam_project\client\default\debug\stage2.obj
c:\users\osm\desktop\76th_srteamb\trunk\srteam_project\client\default\debug\stage2_boss.obj
c:\users\osm\desktop\76th_srteamb\trunk\srteam_project\client\default\debug\stage3.obj
c:\users\osm\desktop\76th_srteamb\trunk\srteam_project\client\default\debug\static_camera.obj
c:\users\osm\desktop\76th_srteamb\trunk\srteam_project\client\default\debug\wall_cube.obj
c:\users\osm\desktop\76th_srteamb\trunk\srteam_project\client\default\debug\yellow_ui.obj
c:\users\osm\desktop\76th_srteamb\trunk\srteam_project\client\default\debug\client.obj
c:\users\osm\desktop\76th_srteamb\trunk\srteam_project\client\default\debug\client_menu.obj
c:\users\osm\desktop\76th_srteamb\trunk\srteam_project\client\default\debug\client_player.obj
c:\users\osm\desktop\76th_srteamb\trunk\srteam_project\client\default\debug\client_terrain.obj
c:\users\osm\desktop\76th_srteamb\trunk\srteam_project\client\default\debug\client_ui.obj
c:\users\osm\desktop\76th_srteamb\trunk\srteam_project\client\default\debug\collisionmgr.obj
c:\users\osm\desktop\76th_srteamb\trunk\srteam_project\client\default\debug\dynamic_camera.obj
c:\users\osm\desktop\76th_srteamb\trunk\srteam_project\client\default\debug\face.obj
c:\users\osm\desktop\76th_srteamb\trunk\srteam_project\client\default\debug\gamemenu.obj
c:\users\osm\desktop\76th_srteamb\trunk\srteam_project\client\default\debug\hit.obj
c:\users\osm\desktop\76th_srteamb\trunk\srteam_project\client\default\debug\item.obj
c:\users\osm\desktop\76th_srteamb\trunk\srteam_project\client\default\debug\logo.obj
c:\users\osm\desktop\76th_srteamb\trunk\srteam_project\client\default\debug\maingame.obj
c:\users\osm\desktop\76th_srteamb\trunk\srteam_project\client\default\debug\map_object.obj
c:\users\osm\desktop\76th_srteamb\trunk\srteam_project\client\default\debug\minifont.obj
c:\users\osm\desktop\76th_srteamb\trunk\srteam_project\client\default\debug\monater_normalsordier_bullet_collision.obj
c:\users\osm\desktop\76th_srteamb\trunk\srteam_project\client\default\debug\monster_afrit.obj
c:\users\osm\desktop\76th_srteamb\trunk\srteam_project\client\default\debug\monster_baron.obj
c:\users\osm\desktop\76th_srteamb\trunk\srteam_project\client\default\debug\monster_deco.obj
c:\users\osm\desktop\76th_srteamb\trunk\srteam_project\client\default\debug\monster_demon.obj
c:\users\osm\desktop\76th_srteamb\trunk\srteam_project\client\default\debug\monster_elemental.obj
c:\users\osm\desktop\76th_srteamb\trunk\srteam_project\client\default\debug\back_logo.obj
c:\users\osm\desktop\76th_srteamb\trunk\srteam_project\client\default\debug\bfg_effect.obj
c:\users\osm\desktop\76th_srteamb\trunk\srteam_project\client\default\debug\bfg_splash.obj
c:\users\osm\desktop\76th_srteamb\trunk\srteam_project\client\default\debug\boss_bullet_collision.obj
c:\users\osm\desktop\76th_srteamb\trunk\srteam_project\client\default\debug\bullet_basic.obj
c:\users\osm\desktop\76th_srteamb\trunk\srteam_project\client\default\debug\bullet_bfg.obj
c:\users\osm\desktop\76th_srteamb\trunk\srteam_project\client\default\debug\bullet_chaingun.obj
c:\users\osm\desktop\76th_srteamb\trunk\srteam_project\client\default\debug\bullet_plasma.obj
c:\users\osm\desktop\76th_srteamb\trunk\srteam_project\client\default\debug\bullet_shotgun.obj
c:\users\osm\desktop\76th_srteamb\trunk\srteam_project\client\default\debug\client_button.obj
c:\users\osm\desktop\76th_srteamb\trunk\srteam_project\client\default\debug\boss_bullet_collision1.obj
c:\users\osm\desktop\76th_srteamb\trunk\srteam_project\client\default\debug\boss_bullet_collision2.obj
c:\users\osm\desktop\76th_srteamb\trunk\srteam_project\client\default\debug\effect_shotgun.obj
c:\users\osm\desktop\76th_srteamb\trunk\srteam_project\client\default\debug\hit_effect.obj
c:\users\osm\desktop\76th_srteamb\trunk\srteam_project\client\default\debug\monster_afrit_bullet_collision.obj
c:\users\osm\desktop\76th_srteamb\trunk\srteam_project\client\default\debug\monster_baron_bullet_collision.obj
c:\users\osm\desktop\76th_srteamb\trunk\srteam_project\client\default\debug\monster_deco_bullet_collision.obj
c:\users\osm\desktop\76th_srteamb\trunk\srteam_project\client\bin\client.lib
c:\users\osm\desktop\76th_srteamb\trunk\srteam_project\client\bin\client.exp
c:\users\osm\desktop\76th_srteamb\trunk\srteam_project\client\bin\client.ilk
c:\users\osm\desktop\76th_srteamb\trunk\srteam_project\client\bin\client.exe
c:\users\osm\desktop\76th_srteamb\trunk\srteam_project\client\bin\client.pdb
>>>>>>> .r160
c:\users\osm\desktop\76th_srteamb\trunk\srteam_project\client\default\debug\client.res
<<<<<<< .mine
c:\users\ksb\desktop\76th_srteamb\trunk\srteam_project\client\default\debug\stage2_boss.obj
c:\users\ksb\desktop\76th_srteamb\trunk\srteam_project\client\default\debug\client.res
c:\users\ksb\desktop\76th_srteamb\trunk\srteam_project\client\default\..\bin\client.exe
c:\users\ksb\desktop\76th_srteamb\trunk\srteam_project\client\default\debug\client.tlog\cl.command.1.tlog
c:\users\ksb\desktop\76th_srteamb\trunk\srteam_project\client\default\debug\client.tlog\cl.read.1.tlog
c:\users\ksb\desktop\76th_srteamb\trunk\srteam_project\client\default\debug\client.tlog\cl.write.1.tlog
c:\users\ksb\desktop\76th_srteamb\trunk\srteam_project\client\default\debug\client.tlog\client.write.1u.tlog
c:\users\ksb\desktop\76th_srteamb\trunk\srteam_project\client\default\debug\client.tlog\link.command.1.tlog
c:\users\ksb\desktop\76th_srteamb\trunk\srteam_project\client\default\debug\client.tlog\link.read.1.tlog
c:\users\ksb\desktop\76th_srteamb\trunk\srteam_project\client\default\debug\client.tlog\link.write.1.tlog
c:\users\ksb\desktop\76th_srteamb\trunk\srteam_project\client\default\debug\client.tlog\rc.command.1.tlog
c:\users\ksb\desktop\76th_srteamb\trunk\srteam_project\client\default\debug\client.tlog\rc.read.1.tlog
c:\users\ksb\desktop\76th_srteamb\trunk\srteam_project\client\default\debug\client.tlog\rc.write.1.tlog
||||||| .r159
c:\users\osm\desktop\76th_srteamb\trunk\srteam_project\client\default\debug\client.vcxprojresolveassemblyreference.cache
c:\users\osm\desktop\76th_srteamb\trunk\srteam_project\client\default\..\bin\client.exe
c:\users\osm\desktop\76th_srteamb\trunk\srteam_project\client\default\debug\client.tlog\cl.command.1.tlog
c:\users\osm\desktop\76th_srteamb\trunk\srteam_project\client\default\debug\client.tlog\cl.read.1.tlog
c:\users\osm\desktop\76th_srteamb\trunk\srteam_project\client\default\debug\client.tlog\cl.write.1.tlog
c:\users\osm\desktop\76th_srteamb\trunk\srteam_project\client\default\debug\client.tlog\client.write.1u.tlog
c:\users\osm\desktop\76th_srteamb\trunk\srteam_project\client\default\debug\client.tlog\link.command.1.tlog
c:\users\osm\desktop\76th_srteamb\trunk\srteam_project\client\default\debug\client.tlog\link.read.1.tlog
c:\users\osm\desktop\76th_srteamb\trunk\srteam_project\client\default\debug\client.tlog\link.write.1.tlog
c:\users\osm\desktop\76th_srteamb\trunk\srteam_project\client\default\debug\client.tlog\rc.command.1.tlog
c:\users\osm\desktop\76th_srteamb\trunk\srteam_project\client\default\debug\client.tlog\rc.read.1.tlog
c:\users\osm\desktop\76th_srteamb\trunk\srteam_project\client\default\debug\client.tlog\rc.write.1.tlog
=======
c:\users\osm\desktop\76th_srteamb\trunk\srteam_project\client\default\debug\client.vcxprojresolveassemblyreference.cache
c:\users\osm\desktop\76th_srteamb\trunk\srteam_project\client\default\..\bin\client.exe
c:\users\osm\desktop\76th_srteamb\trunk\srteam_project\client\default\debug\client.tlog\cl.command.1.tlog
c:\users\osm\desktop\76th_srteamb\trunk\srteam_project\client\default\debug\client.tlog\cl.read.1.tlog
c:\users\osm\desktop\76th_srteamb\trunk\srteam_project\client\default\debug\client.tlog\cl.write.1.tlog
c:\users\osm\desktop\76th_srteamb\trunk\srteam_project\client\default\debug\client.tlog\client.write.1u.tlog
c:\users\osm\desktop\76th_srteamb\trunk\srteam_project\client\default\debug\client.tlog\link.command.1.tlog
c:\users\osm\desktop\76th_srteamb\trunk\srteam_project\client\default\debug\client.tlog\link.read.1.tlog
c:\users\osm\desktop\76th_srteamb\trunk\srteam_project\client\default\debug\client.tlog\link.write.1.tlog
c:\users\osm\desktop\76th_srteamb\trunk\srteam_project\client\default\debug\client.tlog\rc.command.1.tlog
c:\users\osm\desktop\76th_srteamb\trunk\srteam_project\client\default\debug\client.tlog\rc.read.1.tlog
c:\users\osm\desktop\76th_srteamb\trunk\srteam_project\client\default\debug\client.tlog\rc.write.1.tlog
>>>>>>> .r159
>>>>>>> .r160
>>>>>>> .r163
=======
c:\users\ksb\desktop\76th_srteamb\trunk\srteam_project\client\default\..\bin\client.exe
c:\users\ksb\desktop\76th_srteamb\trunk\srteam_project\client\default\debug\client.tlog\cl.command.1.tlog
c:\users\ksb\desktop\76th_srteamb\trunk\srteam_project\client\default\debug\client.tlog\cl.read.1.tlog
c:\users\ksb\desktop\76th_srteamb\trunk\srteam_project\client\default\debug\client.tlog\cl.write.1.tlog
c:\users\ksb\desktop\76th_srteamb\trunk\srteam_project\client\default\debug\client.tlog\client.write.1u.tlog
c:\users\ksb\desktop\76th_srteamb\trunk\srteam_project\client\default\debug\client.tlog\link.command.1.tlog
c:\users\ksb\desktop\76th_srteamb\trunk\srteam_project\client\default\debug\client.tlog\link.read.1.tlog
c:\users\ksb\desktop\76th_srteamb\trunk\srteam_project\client\default\debug\client.tlog\link.write.1.tlog
c:\users\ksb\desktop\76th_srteamb\trunk\srteam_project\client\default\debug\client.tlog\rc.command.1.tlog
c:\users\ksb\desktop\76th_srteamb\trunk\srteam_project\client\default\debug\client.tlog\rc.read.1.tlog
c:\users\ksb\desktop\76th_srteamb\trunk\srteam_project\client\default\debug\client.tlog\rc.write.1.tlog
>>>>>>> .r172
