c:\users\osm\desktop\76th_srteamb\trunk\srteam_project\maptool_sr\default\release\srteam_project_maptool.pch
c:\users\osm\desktop\76th_srteamb\trunk\srteam_project\maptool_sr\default\release\vc140.pdb
c:\users\osm\desktop\76th_srteamb\trunk\srteam_project\maptool_sr\default\release\stdafx.obj
c:\users\osm\desktop\76th_srteamb\trunk\srteam_project\maptool_sr\default\release\test.obj
c:\users\osm\desktop\76th_srteamb\trunk\srteam_project\maptool_sr\default\release\srteam_project_maptoolview.obj
c:\users\osm\desktop\76th_srteamb\trunk\srteam_project\maptool_sr\default\release\srteam_project_maptooldoc.obj
c:\users\osm\desktop\76th_srteamb\trunk\srteam_project\maptool_sr\default\release\srteam_project_maptool.obj
c:\users\osm\desktop\76th_srteamb\trunk\srteam_project\maptool_sr\default\release\object_tool.obj
c:\users\osm\desktop\76th_srteamb\trunk\srteam_project\maptool_sr\default\release\monster_tool.obj
c:\users\osm\desktop\76th_srteamb\trunk\srteam_project\maptool_sr\default\release\mainfrm.obj
c:\users\osm\desktop\76th_srteamb\trunk\srteam_project\maptool_sr\default\release\mainform.obj
c:\users\osm\desktop\76th_srteamb\trunk\srteam_project\maptool_sr\default\release\item_tool.obj
c:\users\osm\desktop\76th_srteamb\trunk\srteam_project\maptool_sr\default\release\cube_tool.obj
c:\users\osm\desktop\76th_srteamb\trunk\srteam_project\maptool_sr\default\release\terrain.obj
c:\users\osm\desktop\76th_srteamb\trunk\srteam_project\maptool_sr\default\release\scene_logo.obj
c:\users\osm\desktop\76th_srteamb\trunk\srteam_project\maptool_sr\default\release\monster.obj
c:\users\osm\desktop\76th_srteamb\trunk\srteam_project\maptool_sr\default\release\keymgr.obj
c:\users\osm\desktop\76th_srteamb\trunk\srteam_project\maptool_sr\default\release\cube.obj
c:\users\osm\desktop\76th_srteamb\trunk\srteam_project\maptool_sr\default\release\camera_dynamic.obj
c:\users\osm\desktop\76th_srteamb\trunk\srteam_project\maptool_sr\default\release\back_object.obj
c:\users\osm\desktop\76th_srteamb\trunk\srteam_project\maptool_sr\default\release\back_logo.obj
c:\users\osm\desktop\76th_srteamb\trunk\srteam_project\maptool_sr\default\release\back_item.obj
c:\users\osm\desktop\76th_srteamb\trunk\srteam_project\maptool_sr\bin\srteam_project_maptool.exe
c:\users\osm\desktop\76th_srteamb\trunk\srteam_project\maptool_sr\bin\srteam_project_maptool.ipdb
c:\users\osm\desktop\76th_srteamb\trunk\srteam_project\maptool_sr\bin\srteam_project_maptool.iobj
c:\users\osm\desktop\76th_srteamb\trunk\srteam_project\maptool_sr\bin\srteam_project_maptool.pdb
c:\users\osm\desktop\76th_srteamb\trunk\srteam_project\maptool_sr\default\release\srteam_project_maptool.res
c:\users\osm\desktop\76th_srteamb\trunk\srteam_project\maptool_sr\bin\srteam_project_maptool.lib
c:\users\osm\desktop\76th_srteamb\trunk\srteam_project\maptool_sr\bin\srteam_project_maptool.exp
c:\users\osm\desktop\76th_srteamb\trunk\srteam_project\maptool_sr\default\../bin/srteam_project_maptool.exe
c:\users\osm\desktop\76th_srteamb\trunk\srteam_project\maptool_sr\default\release\srteam_p.20180562.tlog\cl.command.1.tlog
c:\users\osm\desktop\76th_srteamb\trunk\srteam_project\maptool_sr\default\release\srteam_p.20180562.tlog\cl.read.1.tlog
c:\users\osm\desktop\76th_srteamb\trunk\srteam_project\maptool_sr\default\release\srteam_p.20180562.tlog\cl.write.1.tlog
c:\users\osm\desktop\76th_srteamb\trunk\srteam_project\maptool_sr\default\release\srteam_p.20180562.tlog\link.command.1.tlog
c:\users\osm\desktop\76th_srteamb\trunk\srteam_project\maptool_sr\default\release\srteam_p.20180562.tlog\link.read.1.tlog
c:\users\osm\desktop\76th_srteamb\trunk\srteam_project\maptool_sr\default\release\srteam_p.20180562.tlog\link.write.1.tlog
c:\users\osm\desktop\76th_srteamb\trunk\srteam_project\maptool_sr\default\release\srteam_p.20180562.tlog\rc.command.1.tlog
c:\users\osm\desktop\76th_srteamb\trunk\srteam_project\maptool_sr\default\release\srteam_p.20180562.tlog\rc.read.1.tlog
c:\users\osm\desktop\76th_srteamb\trunk\srteam_project\maptool_sr\default\release\srteam_p.20180562.tlog\rc.write.1.tlog
c:\users\osm\desktop\76th_srteamb\trunk\srteam_project\maptool_sr\default\release\srteam_p.20180562.tlog\srteam_project_maptool.write.1u.tlog
