c:\users\osm\desktop\76th_srteamb\trunk\srteam_project\client\default\release\client.pch
c:\users\osm\desktop\76th_srteamb\trunk\srteam_project\client\default\release\vc140.pdb
c:\users\osm\desktop\76th_srteamb\trunk\srteam_project\client\default\release\stdafx.obj
c:\users\osm\desktop\76th_srteamb\trunk\srteam_project\client\default\release\client_terrain.obj
c:\users\osm\desktop\76th_srteamb\trunk\srteam_project\client\default\release\client_player.obj
c:\users\osm\desktop\76th_srteamb\trunk\srteam_project\client\default\release\client_menu.obj
c:\users\osm\desktop\76th_srteamb\trunk\srteam_project\client\default\release\client_button.obj
c:\users\osm\desktop\76th_srteamb\trunk\srteam_project\client\default\release\bullet_shotgun.obj
c:\users\osm\desktop\76th_srteamb\trunk\srteam_project\client\default\release\bullet_plasma.obj
c:\users\osm\desktop\76th_srteamb\trunk\srteam_project\client\default\release\bullet_effect_green.obj
c:\users\osm\desktop\76th_srteamb\trunk\srteam_project\client\default\release\bullet_effect_blue.obj
c:\users\osm\desktop\76th_srteamb\trunk\srteam_project\client\default\release\bullet_chaingun.obj
c:\users\osm\desktop\76th_srteamb\trunk\srteam_project\client\default\release\bullet_bfg.obj
c:\users\osm\desktop\76th_srteamb\trunk\srteam_project\client\default\release\bullet_basic.obj
c:\users\osm\desktop\76th_srteamb\trunk\srteam_project\client\default\release\boss_rush_collision.obj
c:\users\osm\desktop\76th_srteamb\trunk\srteam_project\client\default\release\boss_bullet_collision4.obj
c:\users\osm\desktop\76th_srteamb\trunk\srteam_project\client\default\release\boss_bullet_collision3.obj
c:\users\osm\desktop\76th_srteamb\trunk\srteam_project\client\default\release\boss_bullet_collision2.obj
c:\users\osm\desktop\76th_srteamb\trunk\srteam_project\client\default\release\boss_bullet_collision1.obj
c:\users\osm\desktop\76th_srteamb\trunk\srteam_project\client\default\release\boss_bullet_collision.obj
c:\users\osm\desktop\76th_srteamb\trunk\srteam_project\client\default\release\bfg_splash.obj
c:\users\osm\desktop\76th_srteamb\trunk\srteam_project\client\default\release\bfg_effect.obj
c:\users\osm\desktop\76th_srteamb\trunk\srteam_project\client\default\release\back_logo.obj
c:\users\osm\desktop\76th_srteamb\trunk\srteam_project\client\default\release\monster_deco_bullet_collision.obj
c:\users\osm\desktop\76th_srteamb\trunk\srteam_project\client\default\release\monster_deco.obj
c:\users\osm\desktop\76th_srteamb\trunk\srteam_project\client\default\release\monster_baron_bullet_collision.obj
c:\users\osm\desktop\76th_srteamb\trunk\srteam_project\client\default\release\monster_baron.obj
c:\users\osm\desktop\76th_srteamb\trunk\srteam_project\client\default\release\monster_afrit_bullet_collision.obj
c:\users\osm\desktop\76th_srteamb\trunk\srteam_project\client\default\release\monster_afrit.obj
c:\users\osm\desktop\76th_srteamb\trunk\srteam_project\client\default\release\monater_normalsordier_bullet_collision.obj
c:\users\osm\desktop\76th_srteamb\trunk\srteam_project\client\default\release\minifont.obj
c:\users\osm\desktop\76th_srteamb\trunk\srteam_project\client\default\release\map_object.obj
c:\users\osm\desktop\76th_srteamb\trunk\srteam_project\client\default\release\maingame.obj
c:\users\osm\desktop\76th_srteamb\trunk\srteam_project\client\default\release\logo.obj
c:\users\osm\desktop\76th_srteamb\trunk\srteam_project\client\default\release\item.obj
c:\users\osm\desktop\76th_srteamb\trunk\srteam_project\client\default\release\hit_effect.obj
c:\users\osm\desktop\76th_srteamb\trunk\srteam_project\client\default\release\hit.obj
c:\users\osm\desktop\76th_srteamb\trunk\srteam_project\client\default\release\gamemenu.obj
c:\users\osm\desktop\76th_srteamb\trunk\srteam_project\client\default\release\face.obj
c:\users\osm\desktop\76th_srteamb\trunk\srteam_project\client\default\release\effect_shotgun.obj
c:\users\osm\desktop\76th_srteamb\trunk\srteam_project\client\default\release\dynamic_camera.obj
c:\users\osm\desktop\76th_srteamb\trunk\srteam_project\client\default\release\collisionmgr.obj
c:\users\osm\desktop\76th_srteamb\trunk\srteam_project\client\default\release\client_ui.obj
c:\users\osm\desktop\76th_srteamb\trunk\srteam_project\client\default\release\static_camera.obj
c:\users\osm\desktop\76th_srteamb\trunk\srteam_project\client\default\release\stage3.obj
c:\users\osm\desktop\76th_srteamb\trunk\srteam_project\client\default\release\stage2_boss.obj
c:\users\osm\desktop\76th_srteamb\trunk\srteam_project\client\default\release\stage2.obj
c:\users\osm\desktop\76th_srteamb\trunk\srteam_project\client\default\release\stage1_boss.obj
c:\users\osm\desktop\76th_srteamb\trunk\srteam_project\client\default\release\stage1.obj
c:\users\osm\desktop\76th_srteamb\trunk\srteam_project\client\default\release\soundmgr.obj
c:\users\osm\desktop\76th_srteamb\trunk\srteam_project\client\default\release\sky.obj
c:\users\osm\desktop\76th_srteamb\trunk\srteam_project\client\default\release\scenemgr.obj
c:\users\osm\desktop\76th_srteamb\trunk\srteam_project\client\default\release\scene.obj
c:\users\osm\desktop\76th_srteamb\trunk\srteam_project\client\default\release\plasma_effect.obj
c:\users\osm\desktop\76th_srteamb\trunk\srteam_project\client\default\release\nomalfont.obj
c:\users\osm\desktop\76th_srteamb\trunk\srteam_project\client\default\release\monster_sergeant_bullet_collision.obj
c:\users\osm\desktop\76th_srteamb\trunk\srteam_project\client\default\release\monster_sergeant.obj
c:\users\osm\desktop\76th_srteamb\trunk\srteam_project\client\default\release\monster_normalsordier.obj
c:\users\osm\desktop\76th_srteamb\trunk\srteam_project\client\default\release\monster_imp_bullet_collision.obj
c:\users\osm\desktop\76th_srteamb\trunk\srteam_project\client\default\release\monster_imp.obj
c:\users\osm\desktop\76th_srteamb\trunk\srteam_project\client\default\release\monster_elemental_bullet_collision.obj
c:\users\osm\desktop\76th_srteamb\trunk\srteam_project\client\default\release\monster_elemental.obj
c:\users\osm\desktop\76th_srteamb\trunk\srteam_project\client\default\release\monster_demon.obj
c:\users\osm\desktop\76th_srteamb\trunk\srteam_project\client\default\release\client.obj
c:\users\osm\desktop\76th_srteamb\trunk\srteam_project\client\default\release\yellow_ui.obj
c:\users\osm\desktop\76th_srteamb\trunk\srteam_project\client\default\release\wall_cube.obj
c:\users\osm\desktop\76th_srteamb\trunk\srteam_project\client\bin\client.lib
c:\users\osm\desktop\76th_srteamb\trunk\srteam_project\client\bin\client.exp
c:\users\osm\desktop\76th_srteamb\trunk\srteam_project\client\bin\client.exe
c:\users\osm\desktop\76th_srteamb\trunk\srteam_project\client\bin\client.ipdb
c:\users\osm\desktop\76th_srteamb\trunk\srteam_project\client\bin\client.iobj
c:\users\osm\desktop\76th_srteamb\trunk\srteam_project\client\bin\client.pdb
c:\users\osm\desktop\76th_srteamb\trunk\srteam_project\client\default\release\client.res
c:\users\osm\desktop\76th_srteamb\trunk\srteam_project\client\default\..\bin\client.exe
c:\users\osm\desktop\76th_srteamb\trunk\srteam_project\client\default\release\client.tlog\cl.command.1.tlog
c:\users\osm\desktop\76th_srteamb\trunk\srteam_project\client\default\release\client.tlog\cl.read.1.tlog
c:\users\osm\desktop\76th_srteamb\trunk\srteam_project\client\default\release\client.tlog\cl.write.1.tlog
c:\users\osm\desktop\76th_srteamb\trunk\srteam_project\client\default\release\client.tlog\client.write.1u.tlog
c:\users\osm\desktop\76th_srteamb\trunk\srteam_project\client\default\release\client.tlog\link.command.1.tlog
c:\users\osm\desktop\76th_srteamb\trunk\srteam_project\client\default\release\client.tlog\link.read.1.tlog
c:\users\osm\desktop\76th_srteamb\trunk\srteam_project\client\default\release\client.tlog\link.write.1.tlog
c:\users\osm\desktop\76th_srteamb\trunk\srteam_project\client\default\release\client.tlog\rc.command.1.tlog
c:\users\osm\desktop\76th_srteamb\trunk\srteam_project\client\default\release\client.tlog\rc.read.1.tlog
c:\users\osm\desktop\76th_srteamb\trunk\srteam_project\client\default\release\client.tlog\rc.write.1.tlog
