  VIBuffer.cpp
  Triangle_Color.cpp
  Transform.cpp
  Texture.cpp
  Terrain_Buffer.cpp
  Sky_Cube_Texture.cpp
  Scene_Tool.cpp
  Resources.cpp
  Renderer.cpp
  Rect_Texture.cpp
  Rect_Cube.cpp
  Rect_Color.cpp
  RectUI_Texture.cpp
  Picking.cpp
  Object_Manager.cpp
  Material.cpp
  Management.cpp
  Layer.cpp
  GameObject.cpp
  Component_Manager.cpp
  코드를 생성하고 있습니다...
  컴파일하고 있습니다...
  Component.cpp
  Camera.cpp
  코드를 생성하고 있습니다...
     ..\Bin\Utility.lib 라이브러리 및 ..\Bin\Utility.exp 개체를 생성하고 있습니다.
<<<<<<< .mine
  Utility.vcxproj -> C:\Users\osm\Desktop\76th_SrTeamB\trunk\SRTeam_Project\Engine\Utility\Default\..\Bin\Utility.dll
||||||| .r170
<<<<<<< .mine
  Utility.vcxproj -> C:\Users\dilki\Desktop\SR_Team\trunk\SRTeam_Project\Engine\Utility\Default\..\Bin\Utility.dll
||||||| .r160
<<<<<<< .mine
  Utility.vcxproj -> C:\Users\dilki\Desktop\SR_Team\trunk\SRTeam_Project\Engine\Utility\Default\..\Bin\Utility.dll
||||||| .r158
  Utility.vcxproj -> C:\Users\KSB\Desktop\76th_SrTeamB\trunk\SRTeam_Project\Engine\Utility\Default\..\Bin\Utility.dll
=======
  Utility.vcxproj -> C:\Users\osm\Desktop\76th_SrTeamB\trunk\SRTeam_Project\Engine\Utility\Default\..\Bin\Utility.dll
>>>>>>> .r159
=======
  Utility.vcxproj -> C:\Users\KSB\Desktop\76th_SrTeamB\trunk\SRTeam_Project\Engine\Utility\Default\..\Bin\Utility.dll
>>>>>>> .r163
=======
  Utility.vcxproj -> C:\Users\KSB\Desktop\76th_SrTeamB\trunk\SRTeam_Project\Engine\Utility\Default\..\Bin\Utility.dll
>>>>>>> .r172
  Utility.vcxproj -> ..\Bin\Utility.pdb (Full PDB)
