c:\users\ksb\desktop\76th_srteamb\trunk\srteam_project\engine\utility\default\debug\vc140.pdb
c:\users\ksb\desktop\76th_srteamb\trunk\srteam_project\engine\utility\default\debug\vc140.idb
c:\users\ksb\desktop\76th_srteamb\trunk\srteam_project\engine\utility\default\debug\component_manager.obj
c:\users\ksb\desktop\76th_srteamb\trunk\srteam_project\engine\utility\default\debug\gameobject.obj
c:\users\ksb\desktop\76th_srteamb\trunk\srteam_project\engine\utility\default\debug\layer.obj
c:\users\ksb\desktop\76th_srteamb\trunk\srteam_project\engine\utility\default\debug\management.obj
c:\users\ksb\desktop\76th_srteamb\trunk\srteam_project\engine\utility\default\debug\material.obj
c:\users\ksb\desktop\76th_srteamb\trunk\srteam_project\engine\utility\default\debug\object_manager.obj
c:\users\ksb\desktop\76th_srteamb\trunk\srteam_project\engine\utility\default\debug\picking.obj
c:\users\ksb\desktop\76th_srteamb\trunk\srteam_project\engine\utility\default\debug\rectui_texture.obj
c:\users\ksb\desktop\76th_srteamb\trunk\srteam_project\engine\utility\default\debug\rect_color.obj
c:\users\ksb\desktop\76th_srteamb\trunk\srteam_project\engine\utility\default\debug\rect_cube.obj
c:\users\ksb\desktop\76th_srteamb\trunk\srteam_project\engine\utility\default\debug\rect_texture.obj
c:\users\ksb\desktop\76th_srteamb\trunk\srteam_project\engine\utility\default\debug\renderer.obj
c:\users\ksb\desktop\76th_srteamb\trunk\srteam_project\engine\utility\default\debug\resources.obj
c:\users\ksb\desktop\76th_srteamb\trunk\srteam_project\engine\utility\default\debug\scene_tool.obj
c:\users\ksb\desktop\76th_srteamb\trunk\srteam_project\engine\utility\default\debug\sky_cube_texture.obj
c:\users\ksb\desktop\76th_srteamb\trunk\srteam_project\engine\utility\default\debug\terrain_buffer.obj
c:\users\ksb\desktop\76th_srteamb\trunk\srteam_project\engine\utility\default\debug\texture.obj
c:\users\ksb\desktop\76th_srteamb\trunk\srteam_project\engine\utility\default\debug\transform.obj
c:\users\ksb\desktop\76th_srteamb\trunk\srteam_project\engine\utility\default\debug\triangle_color.obj
c:\users\ksb\desktop\76th_srteamb\trunk\srteam_project\engine\utility\default\debug\vibuffer.obj
<<<<<<< .mine
c:\users\ksb\desktop\76th_srteamb\trunk\srteam_project\engine\utility\default\debug\camera.obj
c:\users\ksb\desktop\76th_srteamb\trunk\srteam_project\engine\utility\default\debug\component.obj
c:\users\ksb\desktop\76th_srteamb\trunk\srteam_project\engine\utility\bin\utility.ilk
c:\users\ksb\desktop\76th_srteamb\trunk\srteam_project\engine\utility\bin\utility.dll
c:\users\ksb\desktop\76th_srteamb\trunk\srteam_project\engine\utility\bin\utility.pdb
c:\users\ksb\desktop\76th_srteamb\trunk\srteam_project\engine\utility\bin\utility.lib
c:\users\ksb\desktop\76th_srteamb\trunk\srteam_project\engine\utility\bin\utility.exp
c:\users\osm\desktop\76th_srteamb\trunk\srteam_project\engine\utility\default\debug\utility.vcxprojresolveassemblyreference.cache
c:\users\osm\desktop\76th_srteamb\trunk\srteam_project\engine\utility\default\debug\camera.obj
c:\users\osm\desktop\76th_srteamb\trunk\srteam_project\engine\utility\default\debug\component.obj
c:\users\osm\desktop\76th_srteamb\trunk\srteam_project\engine\utility\default\debug\component_manager.obj
c:\users\osm\desktop\76th_srteamb\trunk\srteam_project\engine\utility\default\debug\gameobject.obj
c:\users\osm\desktop\76th_srteamb\trunk\srteam_project\engine\utility\default\debug\layer.obj
c:\users\osm\desktop\76th_srteamb\trunk\srteam_project\engine\utility\default\debug\management.obj
c:\users\osm\desktop\76th_srteamb\trunk\srteam_project\engine\utility\default\debug\material.obj
c:\users\osm\desktop\76th_srteamb\trunk\srteam_project\engine\utility\default\debug\object_manager.obj
c:\users\osm\desktop\76th_srteamb\trunk\srteam_project\engine\utility\default\debug\picking.obj
c:\users\osm\desktop\76th_srteamb\trunk\srteam_project\engine\utility\default\debug\rectui_texture.obj
c:\users\osm\desktop\76th_srteamb\trunk\srteam_project\engine\utility\default\debug\rect_color.obj
c:\users\osm\desktop\76th_srteamb\trunk\srteam_project\engine\utility\default\debug\rect_cube.obj
c:\users\osm\desktop\76th_srteamb\trunk\srteam_project\engine\utility\default\debug\rect_texture.obj
c:\users\osm\desktop\76th_srteamb\trunk\srteam_project\engine\utility\default\debug\renderer.obj
c:\users\osm\desktop\76th_srteamb\trunk\srteam_project\engine\utility\default\debug\resources.obj
c:\users\osm\desktop\76th_srteamb\trunk\srteam_project\engine\utility\default\debug\scene_tool.obj
c:\users\osm\desktop\76th_srteamb\trunk\srteam_project\engine\utility\default\debug\sky_cube_texture.obj
c:\users\osm\desktop\76th_srteamb\trunk\srteam_project\engine\utility\default\debug\terrain_buffer.obj
c:\users\osm\desktop\76th_srteamb\trunk\srteam_project\engine\utility\default\debug\texture.obj
c:\users\osm\desktop\76th_srteamb\trunk\srteam_project\engine\utility\default\debug\transform.obj
c:\users\osm\desktop\76th_srteamb\trunk\srteam_project\engine\utility\default\debug\triangle_color.obj
c:\users\osm\desktop\76th_srteamb\trunk\srteam_project\engine\utility\default\debug\vibuffer.obj
c:\users\osm\desktop\76th_srteamb\trunk\srteam_project\engine\utility\default\debug\vc140.idb
c:\users\osm\desktop\76th_srteamb\trunk\srteam_project\engine\utility\default\debug\vc140.pdb
c:\users\osm\desktop\76th_srteamb\trunk\srteam_project\engine\utility\default\..\bin\utility.dll
c:\users\osm\desktop\76th_srteamb\trunk\srteam_project\engine\utility\default\debug\utility.tlog\cl.command.1.tlog
c:\users\osm\desktop\76th_srteamb\trunk\srteam_project\engine\utility\default\debug\utility.tlog\cl.read.1.tlog
c:\users\osm\desktop\76th_srteamb\trunk\srteam_project\engine\utility\default\debug\utility.tlog\cl.write.1.tlog
c:\users\osm\desktop\76th_srteamb\trunk\srteam_project\engine\utility\default\debug\utility.tlog\link.command.1.tlog
c:\users\osm\desktop\76th_srteamb\trunk\srteam_project\engine\utility\default\debug\utility.tlog\link.read.1.tlog
c:\users\osm\desktop\76th_srteamb\trunk\srteam_project\engine\utility\default\debug\utility.tlog\link.write.1.tlog
c:\users\osm\desktop\76th_srteamb\trunk\srteam_project\engine\utility\default\debug\utility.tlog\utility.write.1u.tlog
||||||| .r170
c:\users\ksb\desktop\76th_srteamb\trunk\srteam_project\engine\utility\default\debug\vc140.idb
c:\users\ksb\desktop\76th_srteamb\trunk\srteam_project\engine\utility\default\debug\vc140.pdb
c:\users\ksb\desktop\76th_srteamb\trunk\srteam_project\engine\utility\default\..\bin\utility.dll
c:\users\ksb\desktop\76th_srteamb\trunk\srteam_project\engine\utility\default\debug\utility.tlog\cl.command.1.tlog
c:\users\ksb\desktop\76th_srteamb\trunk\srteam_project\engine\utility\default\debug\utility.tlog\cl.read.1.tlog
c:\users\ksb\desktop\76th_srteamb\trunk\srteam_project\engine\utility\default\debug\utility.tlog\cl.write.1.tlog
c:\users\ksb\desktop\76th_srteamb\trunk\srteam_project\engine\utility\default\debug\utility.tlog\link.command.1.tlog
c:\users\ksb\desktop\76th_srteamb\trunk\srteam_project\engine\utility\default\debug\utility.tlog\link.read.1.tlog
c:\users\ksb\desktop\76th_srteamb\trunk\srteam_project\engine\utility\default\debug\utility.tlog\link.write.1.tlog
c:\users\ksb\desktop\76th_srteamb\trunk\srteam_project\engine\utility\default\debug\utility.tlog\utility.write.1u.tlog
=======
c:\users\osm\desktop\76th_srteamb\trunk\srteam_project\engine\utility\default\debug\vc140.pdb
c:\users\osm\desktop\76th_srteamb\trunk\srteam_project\engine\utility\default\debug\vc140.idb
c:\users\osm\desktop\76th_srteamb\trunk\srteam_project\engine\utility\default\debug\component_manager.obj
c:\users\osm\desktop\76th_srteamb\trunk\srteam_project\engine\utility\default\debug\gameobject.obj
c:\users\osm\desktop\76th_srteamb\trunk\srteam_project\engine\utility\default\debug\layer.obj
c:\users\osm\desktop\76th_srteamb\trunk\srteam_project\engine\utility\default\debug\management.obj
c:\users\osm\desktop\76th_srteamb\trunk\srteam_project\engine\utility\default\debug\material.obj
c:\users\osm\desktop\76th_srteamb\trunk\srteam_project\engine\utility\default\debug\object_manager.obj
c:\users\osm\desktop\76th_srteamb\trunk\srteam_project\engine\utility\default\debug\picking.obj
c:\users\osm\desktop\76th_srteamb\trunk\srteam_project\engine\utility\default\debug\rectui_texture.obj
c:\users\osm\desktop\76th_srteamb\trunk\srteam_project\engine\utility\default\debug\rect_color.obj
c:\users\osm\desktop\76th_srteamb\trunk\srteam_project\engine\utility\default\debug\rect_cube.obj
c:\users\osm\desktop\76th_srteamb\trunk\srteam_project\engine\utility\default\debug\rect_texture.obj
c:\users\osm\desktop\76th_srteamb\trunk\srteam_project\engine\utility\default\debug\renderer.obj
c:\users\osm\desktop\76th_srteamb\trunk\srteam_project\engine\utility\default\debug\resources.obj
c:\users\osm\desktop\76th_srteamb\trunk\srteam_project\engine\utility\default\debug\scene_tool.obj
c:\users\osm\desktop\76th_srteamb\trunk\srteam_project\engine\utility\default\debug\sky_cube_texture.obj
c:\users\osm\desktop\76th_srteamb\trunk\srteam_project\engine\utility\default\debug\terrain_buffer.obj
c:\users\osm\desktop\76th_srteamb\trunk\srteam_project\engine\utility\default\debug\texture.obj
c:\users\osm\desktop\76th_srteamb\trunk\srteam_project\engine\utility\default\debug\transform.obj
c:\users\osm\desktop\76th_srteamb\trunk\srteam_project\engine\utility\default\debug\triangle_color.obj
c:\users\osm\desktop\76th_srteamb\trunk\srteam_project\engine\utility\default\debug\vibuffer.obj
c:\users\osm\desktop\76th_srteamb\trunk\srteam_project\engine\utility\default\debug\camera.obj
c:\users\osm\desktop\76th_srteamb\trunk\srteam_project\engine\utility\default\debug\component.obj
c:\users\osm\desktop\76th_srteamb\trunk\srteam_project\engine\utility\bin\utility.ilk
c:\users\osm\desktop\76th_srteamb\trunk\srteam_project\engine\utility\bin\utility.dll
c:\users\osm\desktop\76th_srteamb\trunk\srteam_project\engine\utility\bin\utility.pdb
c:\users\osm\desktop\76th_srteamb\trunk\srteam_project\engine\utility\bin\utility.lib
c:\users\osm\desktop\76th_srteamb\trunk\srteam_project\engine\utility\bin\utility.exp
c:\users\osm\desktop\76th_srteamb\trunk\srteam_project\engine\utility\default\debug\utility.vcxprojresolveassemblyreference.cache
c:\users\osm\desktop\76th_srteamb\trunk\srteam_project\engine\utility\default\..\bin\utility.dll
c:\users\osm\desktop\76th_srteamb\trunk\srteam_project\engine\utility\default\debug\utility.tlog\cl.command.1.tlog
c:\users\osm\desktop\76th_srteamb\trunk\srteam_project\engine\utility\default\debug\utility.tlog\cl.read.1.tlog
c:\users\osm\desktop\76th_srteamb\trunk\srteam_project\engine\utility\default\debug\utility.tlog\cl.write.1.tlog
c:\users\osm\desktop\76th_srteamb\trunk\srteam_project\engine\utility\default\debug\utility.tlog\link.command.1.tlog
c:\users\osm\desktop\76th_srteamb\trunk\srteam_project\engine\utility\default\debug\utility.tlog\link.read.1.tlog
c:\users\osm\desktop\76th_srteamb\trunk\srteam_project\engine\utility\default\debug\utility.tlog\link.write.1.tlog
c:\users\osm\desktop\76th_srteamb\trunk\srteam_project\engine\utility\default\debug\utility.tlog\utility.write.1u.tlog
>>>>>>> .r159
=======
||||||| .r158
c:\users\dilki\desktop\sr_team\trunk\srteam_project\engine\utility\default\debug\vc140.pdb
c:\users\dilki\desktop\sr_team\trunk\srteam_project\engine\utility\default\debug\vc140.idb
c:\users\dilki\desktop\sr_team\trunk\srteam_project\engine\utility\default\debug\component_manager.obj
c:\users\dilki\desktop\sr_team\trunk\srteam_project\engine\utility\default\debug\gameobject.obj
c:\users\dilki\desktop\sr_team\trunk\srteam_project\engine\utility\default\debug\layer.obj
c:\users\dilki\desktop\sr_team\trunk\srteam_project\engine\utility\default\debug\management.obj
c:\users\dilki\desktop\sr_team\trunk\srteam_project\engine\utility\default\debug\material.obj
c:\users\dilki\desktop\sr_team\trunk\srteam_project\engine\utility\default\debug\object_manager.obj
c:\users\dilki\desktop\sr_team\trunk\srteam_project\engine\utility\default\debug\picking.obj
c:\users\dilki\desktop\sr_team\trunk\srteam_project\engine\utility\default\debug\rectui_texture.obj
c:\users\dilki\desktop\sr_team\trunk\srteam_project\engine\utility\default\debug\rect_color.obj
c:\users\dilki\desktop\sr_team\trunk\srteam_project\engine\utility\default\debug\rect_cube.obj
c:\users\dilki\desktop\sr_team\trunk\srteam_project\engine\utility\default\debug\rect_texture.obj
c:\users\dilki\desktop\sr_team\trunk\srteam_project\engine\utility\default\debug\renderer.obj
c:\users\dilki\desktop\sr_team\trunk\srteam_project\engine\utility\default\debug\resources.obj
c:\users\dilki\desktop\sr_team\trunk\srteam_project\engine\utility\default\debug\scene_tool.obj
c:\users\dilki\desktop\sr_team\trunk\srteam_project\engine\utility\default\debug\sky_cube_texture.obj
c:\users\dilki\desktop\sr_team\trunk\srteam_project\engine\utility\default\debug\terrain_buffer.obj
c:\users\dilki\desktop\sr_team\trunk\srteam_project\engine\utility\default\debug\texture.obj
c:\users\dilki\desktop\sr_team\trunk\srteam_project\engine\utility\default\debug\transform.obj
c:\users\dilki\desktop\sr_team\trunk\srteam_project\engine\utility\default\debug\triangle_color.obj
c:\users\dilki\desktop\sr_team\trunk\srteam_project\engine\utility\default\debug\vibuffer.obj
c:\users\dilki\desktop\sr_team\trunk\srteam_project\engine\utility\default\debug\camera.obj
c:\users\dilki\desktop\sr_team\trunk\srteam_project\engine\utility\default\debug\component.obj
c:\users\dilki\desktop\sr_team\trunk\srteam_project\engine\utility\bin\utility.ilk
c:\users\dilki\desktop\sr_team\trunk\srteam_project\engine\utility\bin\utility.dll
c:\users\dilki\desktop\sr_team\trunk\srteam_project\engine\utility\bin\utility.pdb
c:\users\dilki\desktop\sr_team\trunk\srteam_project\engine\utility\bin\utility.lib
c:\users\dilki\desktop\sr_team\trunk\srteam_project\engine\utility\bin\utility.exp
c:\users\ksb\desktop\76th_srteamb\trunk\srteam_project\engine\utility\default\debug\utility.vcxprojresolveassemblyreference.cache
c:\users\ksb\desktop\76th_srteamb\trunk\srteam_project\engine\utility\default\debug\camera.obj
c:\users\ksb\desktop\76th_srteamb\trunk\srteam_project\engine\utility\default\debug\component.obj
c:\users\ksb\desktop\76th_srteamb\trunk\srteam_project\engine\utility\default\debug\component_manager.obj
c:\users\ksb\desktop\76th_srteamb\trunk\srteam_project\engine\utility\default\debug\gameobject.obj
c:\users\ksb\desktop\76th_srteamb\trunk\srteam_project\engine\utility\default\debug\layer.obj
c:\users\ksb\desktop\76th_srteamb\trunk\srteam_project\engine\utility\default\debug\management.obj
c:\users\ksb\desktop\76th_srteamb\trunk\srteam_project\engine\utility\default\debug\material.obj
c:\users\ksb\desktop\76th_srteamb\trunk\srteam_project\engine\utility\default\debug\object_manager.obj
c:\users\ksb\desktop\76th_srteamb\trunk\srteam_project\engine\utility\default\debug\picking.obj
c:\users\ksb\desktop\76th_srteamb\trunk\srteam_project\engine\utility\default\debug\rectui_texture.obj
c:\users\ksb\desktop\76th_srteamb\trunk\srteam_project\engine\utility\default\debug\rect_color.obj
c:\users\ksb\desktop\76th_srteamb\trunk\srteam_project\engine\utility\default\debug\rect_cube.obj
c:\users\ksb\desktop\76th_srteamb\trunk\srteam_project\engine\utility\default\debug\rect_texture.obj
c:\users\ksb\desktop\76th_srteamb\trunk\srteam_project\engine\utility\default\debug\renderer.obj
c:\users\ksb\desktop\76th_srteamb\trunk\srteam_project\engine\utility\default\debug\resources.obj
c:\users\ksb\desktop\76th_srteamb\trunk\srteam_project\engine\utility\default\debug\scene_tool.obj
c:\users\ksb\desktop\76th_srteamb\trunk\srteam_project\engine\utility\default\debug\sky_cube_texture.obj
c:\users\ksb\desktop\76th_srteamb\trunk\srteam_project\engine\utility\default\debug\terrain_buffer.obj
c:\users\ksb\desktop\76th_srteamb\trunk\srteam_project\engine\utility\default\debug\texture.obj
c:\users\ksb\desktop\76th_srteamb\trunk\srteam_project\engine\utility\default\debug\transform.obj
c:\users\ksb\desktop\76th_srteamb\trunk\srteam_project\engine\utility\default\debug\triangle_color.obj
c:\users\ksb\desktop\76th_srteamb\trunk\srteam_project\engine\utility\default\debug\vibuffer.obj
c:\users\ksb\desktop\76th_srteamb\trunk\srteam_project\engine\utility\default\debug\vc140.idb
c:\users\ksb\desktop\76th_srteamb\trunk\srteam_project\engine\utility\default\debug\vc140.pdb
c:\users\ksb\desktop\76th_srteamb\trunk\srteam_project\engine\utility\default\..\bin\utility.dll
c:\users\ksb\desktop\76th_srteamb\trunk\srteam_project\engine\utility\default\debug\utility.tlog\cl.command.1.tlog
c:\users\ksb\desktop\76th_srteamb\trunk\srteam_project\engine\utility\default\debug\utility.tlog\cl.read.1.tlog
c:\users\ksb\desktop\76th_srteamb\trunk\srteam_project\engine\utility\default\debug\utility.tlog\cl.write.1.tlog
c:\users\ksb\desktop\76th_srteamb\trunk\srteam_project\engine\utility\default\debug\utility.tlog\link.command.1.tlog
c:\users\ksb\desktop\76th_srteamb\trunk\srteam_project\engine\utility\default\debug\utility.tlog\link.read.1.tlog
c:\users\ksb\desktop\76th_srteamb\trunk\srteam_project\engine\utility\default\debug\utility.tlog\link.write.1.tlog
c:\users\ksb\desktop\76th_srteamb\trunk\srteam_project\engine\utility\default\debug\utility.tlog\utility.write.1u.tlog
=======
c:\users\osm\desktop\76th_srteamb\trunk\srteam_project\engine\utility\default\debug\vc140.pdb
c:\users\osm\desktop\76th_srteamb\trunk\srteam_project\engine\utility\default\debug\vc140.idb
c:\users\osm\desktop\76th_srteamb\trunk\srteam_project\engine\utility\default\debug\component_manager.obj
c:\users\osm\desktop\76th_srteamb\trunk\srteam_project\engine\utility\default\debug\gameobject.obj
c:\users\osm\desktop\76th_srteamb\trunk\srteam_project\engine\utility\default\debug\layer.obj
c:\users\osm\desktop\76th_srteamb\trunk\srteam_project\engine\utility\default\debug\management.obj
c:\users\osm\desktop\76th_srteamb\trunk\srteam_project\engine\utility\default\debug\material.obj
c:\users\osm\desktop\76th_srteamb\trunk\srteam_project\engine\utility\default\debug\object_manager.obj
c:\users\osm\desktop\76th_srteamb\trunk\srteam_project\engine\utility\default\debug\picking.obj
c:\users\osm\desktop\76th_srteamb\trunk\srteam_project\engine\utility\default\debug\rectui_texture.obj
c:\users\osm\desktop\76th_srteamb\trunk\srteam_project\engine\utility\default\debug\rect_color.obj
c:\users\osm\desktop\76th_srteamb\trunk\srteam_project\engine\utility\default\debug\rect_cube.obj
c:\users\osm\desktop\76th_srteamb\trunk\srteam_project\engine\utility\default\debug\rect_texture.obj
c:\users\osm\desktop\76th_srteamb\trunk\srteam_project\engine\utility\default\debug\renderer.obj
c:\users\osm\desktop\76th_srteamb\trunk\srteam_project\engine\utility\default\debug\resources.obj
c:\users\osm\desktop\76th_srteamb\trunk\srteam_project\engine\utility\default\debug\scene_tool.obj
c:\users\osm\desktop\76th_srteamb\trunk\srteam_project\engine\utility\default\debug\sky_cube_texture.obj
c:\users\osm\desktop\76th_srteamb\trunk\srteam_project\engine\utility\default\debug\terrain_buffer.obj
c:\users\osm\desktop\76th_srteamb\trunk\srteam_project\engine\utility\default\debug\texture.obj
c:\users\osm\desktop\76th_srteamb\trunk\srteam_project\engine\utility\default\debug\transform.obj
c:\users\osm\desktop\76th_srteamb\trunk\srteam_project\engine\utility\default\debug\triangle_color.obj
c:\users\osm\desktop\76th_srteamb\trunk\srteam_project\engine\utility\default\debug\vibuffer.obj
c:\users\osm\desktop\76th_srteamb\trunk\srteam_project\engine\utility\default\debug\camera.obj
c:\users\osm\desktop\76th_srteamb\trunk\srteam_project\engine\utility\default\debug\component.obj
c:\users\osm\desktop\76th_srteamb\trunk\srteam_project\engine\utility\bin\utility.ilk
c:\users\osm\desktop\76th_srteamb\trunk\srteam_project\engine\utility\bin\utility.dll
c:\users\osm\desktop\76th_srteamb\trunk\srteam_project\engine\utility\bin\utility.pdb
c:\users\osm\desktop\76th_srteamb\trunk\srteam_project\engine\utility\bin\utility.lib
c:\users\osm\desktop\76th_srteamb\trunk\srteam_project\engine\utility\bin\utility.exp
<<<<<<< .mine
c:\users\ksb\desktop\76th_srteamb\trunk\srteam_project\engine\utility\default\debug\utility.vcxprojresolveassemblyreference.cache
c:\users\ksb\desktop\76th_srteamb\trunk\srteam_project\engine\utility\default\debug\camera.obj
c:\users\ksb\desktop\76th_srteamb\trunk\srteam_project\engine\utility\default\debug\component.obj
c:\users\ksb\desktop\76th_srteamb\trunk\srteam_project\engine\utility\default\debug\component_manager.obj
c:\users\ksb\desktop\76th_srteamb\trunk\srteam_project\engine\utility\default\debug\gameobject.obj
c:\users\ksb\desktop\76th_srteamb\trunk\srteam_project\engine\utility\default\debug\layer.obj
c:\users\ksb\desktop\76th_srteamb\trunk\srteam_project\engine\utility\default\debug\management.obj
c:\users\ksb\desktop\76th_srteamb\trunk\srteam_project\engine\utility\default\debug\material.obj
c:\users\ksb\desktop\76th_srteamb\trunk\srteam_project\engine\utility\default\debug\object_manager.obj
c:\users\ksb\desktop\76th_srteamb\trunk\srteam_project\engine\utility\default\debug\picking.obj
c:\users\ksb\desktop\76th_srteamb\trunk\srteam_project\engine\utility\default\debug\rectui_texture.obj
c:\users\ksb\desktop\76th_srteamb\trunk\srteam_project\engine\utility\default\debug\rect_color.obj
c:\users\ksb\desktop\76th_srteamb\trunk\srteam_project\engine\utility\default\debug\rect_cube.obj
c:\users\ksb\desktop\76th_srteamb\trunk\srteam_project\engine\utility\default\debug\rect_texture.obj
c:\users\ksb\desktop\76th_srteamb\trunk\srteam_project\engine\utility\default\debug\renderer.obj
c:\users\ksb\desktop\76th_srteamb\trunk\srteam_project\engine\utility\default\debug\resources.obj
c:\users\ksb\desktop\76th_srteamb\trunk\srteam_project\engine\utility\default\debug\scene_tool.obj
c:\users\ksb\desktop\76th_srteamb\trunk\srteam_project\engine\utility\default\debug\sky_cube_texture.obj
c:\users\ksb\desktop\76th_srteamb\trunk\srteam_project\engine\utility\default\debug\terrain_buffer.obj
c:\users\ksb\desktop\76th_srteamb\trunk\srteam_project\engine\utility\default\debug\texture.obj
c:\users\ksb\desktop\76th_srteamb\trunk\srteam_project\engine\utility\default\debug\transform.obj
c:\users\ksb\desktop\76th_srteamb\trunk\srteam_project\engine\utility\default\debug\triangle_color.obj
c:\users\ksb\desktop\76th_srteamb\trunk\srteam_project\engine\utility\default\debug\vibuffer.obj
c:\users\ksb\desktop\76th_srteamb\trunk\srteam_project\engine\utility\default\debug\vc140.idb
c:\users\ksb\desktop\76th_srteamb\trunk\srteam_project\engine\utility\default\debug\vc140.pdb
c:\users\ksb\desktop\76th_srteamb\trunk\srteam_project\engine\utility\default\..\bin\utility.dll
c:\users\ksb\desktop\76th_srteamb\trunk\srteam_project\engine\utility\default\debug\utility.tlog\cl.command.1.tlog
c:\users\ksb\desktop\76th_srteamb\trunk\srteam_project\engine\utility\default\debug\utility.tlog\cl.read.1.tlog
c:\users\ksb\desktop\76th_srteamb\trunk\srteam_project\engine\utility\default\debug\utility.tlog\cl.write.1.tlog
c:\users\ksb\desktop\76th_srteamb\trunk\srteam_project\engine\utility\default\debug\utility.tlog\link.command.1.tlog
c:\users\ksb\desktop\76th_srteamb\trunk\srteam_project\engine\utility\default\debug\utility.tlog\link.read.1.tlog
c:\users\ksb\desktop\76th_srteamb\trunk\srteam_project\engine\utility\default\debug\utility.tlog\link.write.1.tlog
c:\users\ksb\desktop\76th_srteamb\trunk\srteam_project\engine\utility\default\debug\utility.tlog\utility.write.1u.tlog
||||||| .r159
c:\users\osm\desktop\76th_srteamb\trunk\srteam_project\engine\utility\default\debug\utility.vcxprojresolveassemblyreference.cache
c:\users\osm\desktop\76th_srteamb\trunk\srteam_project\engine\utility\default\..\bin\utility.dll
c:\users\osm\desktop\76th_srteamb\trunk\srteam_project\engine\utility\default\debug\utility.tlog\cl.command.1.tlog
c:\users\osm\desktop\76th_srteamb\trunk\srteam_project\engine\utility\default\debug\utility.tlog\cl.read.1.tlog
c:\users\osm\desktop\76th_srteamb\trunk\srteam_project\engine\utility\default\debug\utility.tlog\cl.write.1.tlog
c:\users\osm\desktop\76th_srteamb\trunk\srteam_project\engine\utility\default\debug\utility.tlog\link.command.1.tlog
c:\users\osm\desktop\76th_srteamb\trunk\srteam_project\engine\utility\default\debug\utility.tlog\link.read.1.tlog
c:\users\osm\desktop\76th_srteamb\trunk\srteam_project\engine\utility\default\debug\utility.tlog\link.write.1.tlog
c:\users\osm\desktop\76th_srteamb\trunk\srteam_project\engine\utility\default\debug\utility.tlog\utility.write.1u.tlog
=======
c:\users\osm\desktop\76th_srteamb\trunk\srteam_project\engine\utility\default\debug\utility.vcxprojresolveassemblyreference.cache
c:\users\osm\desktop\76th_srteamb\trunk\srteam_project\engine\utility\default\..\bin\utility.dll
c:\users\osm\desktop\76th_srteamb\trunk\srteam_project\engine\utility\default\debug\utility.tlog\cl.command.1.tlog
c:\users\osm\desktop\76th_srteamb\trunk\srteam_project\engine\utility\default\debug\utility.tlog\cl.read.1.tlog
c:\users\osm\desktop\76th_srteamb\trunk\srteam_project\engine\utility\default\debug\utility.tlog\cl.write.1.tlog
c:\users\osm\desktop\76th_srteamb\trunk\srteam_project\engine\utility\default\debug\utility.tlog\link.command.1.tlog
c:\users\osm\desktop\76th_srteamb\trunk\srteam_project\engine\utility\default\debug\utility.tlog\link.read.1.tlog
c:\users\osm\desktop\76th_srteamb\trunk\srteam_project\engine\utility\default\debug\utility.tlog\link.write.1.tlog
c:\users\osm\desktop\76th_srteamb\trunk\srteam_project\engine\utility\default\debug\utility.tlog\utility.write.1u.tlog
>>>>>>> .r159
>>>>>>> .r160
>>>>>>> .r163
=======
c:\users\ksb\desktop\76th_srteamb\trunk\srteam_project\engine\utility\default\debug\camera.obj
c:\users\ksb\desktop\76th_srteamb\trunk\srteam_project\engine\utility\default\debug\component.obj
c:\users\ksb\desktop\76th_srteamb\trunk\srteam_project\engine\utility\bin\utility.ilk
c:\users\ksb\desktop\76th_srteamb\trunk\srteam_project\engine\utility\bin\utility.dll
c:\users\ksb\desktop\76th_srteamb\trunk\srteam_project\engine\utility\bin\utility.pdb
c:\users\ksb\desktop\76th_srteamb\trunk\srteam_project\engine\utility\bin\utility.lib
c:\users\ksb\desktop\76th_srteamb\trunk\srteam_project\engine\utility\bin\utility.exp
c:\users\ksb\desktop\76th_srteamb\trunk\srteam_project\engine\utility\default\debug\utility.vcxprojresolveassemblyreference.cache
c:\users\ksb\desktop\76th_srteamb\trunk\srteam_project\engine\utility\default\..\bin\utility.dll
c:\users\ksb\desktop\76th_srteamb\trunk\srteam_project\engine\utility\default\debug\utility.tlog\cl.command.1.tlog
c:\users\ksb\desktop\76th_srteamb\trunk\srteam_project\engine\utility\default\debug\utility.tlog\cl.read.1.tlog
c:\users\ksb\desktop\76th_srteamb\trunk\srteam_project\engine\utility\default\debug\utility.tlog\cl.write.1.tlog
c:\users\ksb\desktop\76th_srteamb\trunk\srteam_project\engine\utility\default\debug\utility.tlog\link.command.1.tlog
c:\users\ksb\desktop\76th_srteamb\trunk\srteam_project\engine\utility\default\debug\utility.tlog\link.read.1.tlog
c:\users\ksb\desktop\76th_srteamb\trunk\srteam_project\engine\utility\default\debug\utility.tlog\link.write.1.tlog
c:\users\ksb\desktop\76th_srteamb\trunk\srteam_project\engine\utility\default\debug\utility.tlog\utility.write.1u.tlog
>>>>>>> .r172
